{"/home/travis/build/npmtest/node-npmtest-formsy-react/test.js":{"path":"/home/travis/build/npmtest/node-npmtest-formsy-react/test.js","s":{"1":2,"2":2,"3":2,"4":2,"5":2,"6":2,"7":2,"8":1,"9":2,"10":2,"11":1,"12":1,"13":1,"14":1,"15":2,"16":2,"17":2,"18":2,"19":1,"20":1,"21":2,"22":2,"23":2,"24":1,"25":1,"26":1,"27":1,"28":1,"29":1,"30":1,"31":1,"32":1,"33":1,"34":1,"35":1,"36":1,"37":1,"38":1,"39":2,"40":2,"41":1,"42":2,"43":2,"44":1,"45":2,"46":2,"47":1,"48":2,"49":2,"50":1,"51":1,"52":1,"53":1,"54":1},"b":{"1":[2,1,1,1],"2":[1,1,1,1],"3":[1,1],"4":[1,1],"5":[1,1],"6":[1,1],"7":[1,1],"8":[1,1],"9":[1,1],"10":[1,1,1],"11":[1,1],"12":[1,1],"13":[1,1],"14":[1,1],"15":[1,1],"16":[1,1],"17":[1,1]},"f":{"1":2,"2":2,"3":2,"4":2,"5":2,"6":1,"7":1,"8":1,"9":2,"10":2,"11":2,"12":2,"13":1},"fnMap":{"1":{"name":"(anonymous_1)","line":12,"loc":{"start":{"line":12,"column":1},"end":{"line":12,"column":13}}},"2":{"name":"(anonymous_2)","line":19,"loc":{"start":{"line":19,"column":5},"end":{"line":19,"column":17}}},"3":{"name":"(anonymous_3)","line":23,"loc":{"start":{"line":23,"column":24},"end":{"line":23,"column":36}}},"4":{"name":"(anonymous_4)","line":61,"loc":{"start":{"line":61,"column":5},"end":{"line":61,"column":17}}},"5":{"name":"(anonymous_5)","line":82,"loc":{"start":{"line":82,"column":5},"end":{"line":82,"column":17}}},"6":{"name":"(anonymous_6)","line":91,"loc":{"start":{"line":91,"column":77},"end":{"line":94,"column":10}}},"7":{"name":"(anonymous_7)","line":112,"loc":{"start":{"line":112,"column":83},"end":{"line":115,"column":10}},"skip":true},"8":{"name":"(anonymous_8)","line":123,"loc":{"start":{"line":123,"column":77},"end":{"line":126,"column":10}},"skip":true},"9":{"name":"(anonymous_9)","line":139,"loc":{"start":{"line":139,"column":12},"end":{"line":139,"column":40}},"skip":true},"10":{"name":"(anonymous_10)","line":147,"loc":{"start":{"line":147,"column":77},"end":{"line":150,"column":10}},"skip":true},"11":{"name":"(anonymous_11)","line":158,"loc":{"start":{"line":158,"column":83},"end":{"line":161,"column":10}},"skip":true},"12":{"name":"(anonymous_12)","line":169,"loc":{"start":{"line":169,"column":79},"end":{"line":172,"column":10}},"skip":true},"13":{"name":"(anonymous_13)","line":180,"loc":{"start":{"line":180,"column":75},"end":{"line":183,"column":10}},"skip":true}},"statementMap":{"1":{"start":{"line":12,"column":0},"end":{"line":195,"column":5}},"2":{"start":{"line":14,"column":4},"end":{"line":14,"column":14}},"3":{"start":{"line":19,"column":4},"end":{"line":56,"column":9}},"4":{"start":{"line":21,"column":8},"end":{"line":21,"column":19}},"5":{"start":{"line":23,"column":8},"end":{"line":35,"column":13}},"6":{"start":{"line":24,"column":12},"end":{"line":34,"column":13}},"7":{"start":{"line":25,"column":16},"end":{"line":28,"column":30}},"8":{"start":{"line":30,"column":16},"end":{"line":33,"column":27}},"9":{"start":{"line":37,"column":8},"end":{"line":39,"column":21}},"10":{"start":{"line":40,"column":8},"end":{"line":53,"column":9}},"11":{"start":{"line":43,"column":12},"end":{"line":46,"column":14}},"12":{"start":{"line":47,"column":12},"end":{"line":47,"column":18}},"13":{"start":{"line":50,"column":12},"end":{"line":51,"column":46}},"14":{"start":{"line":52,"column":12},"end":{"line":52,"column":18}},"15":{"start":{"line":55,"column":8},"end":{"line":55,"column":35}},"16":{"start":{"line":61,"column":4},"end":{"line":63,"column":9}},"17":{"start":{"line":62,"column":8},"end":{"line":62,"column":15}},"18":{"start":{"line":64,"column":4},"end":{"line":77,"column":5}},"19":{"start":{"line":70,"column":8},"end":{"line":70,"column":14}},"20":{"start":{"line":76,"column":8},"end":{"line":76,"column":14}},"21":{"start":{"line":82,"column":4},"end":{"line":84,"column":9}},"22":{"start":{"line":83,"column":8},"end":{"line":83,"column":15}},"23":{"start":{"line":85,"column":4},"end":{"line":194,"column":5}},"24":{"start":{"line":91,"column":8},"end":{"line":99,"column":10}},"25":{"start":{"line":98,"column":12},"end":{"line":98,"column":35}},"26":{"start":{"line":102,"column":8},"end":{"line":104,"column":63}},"27":{"start":{"line":105,"column":8},"end":{"line":105,"column":14}},"28":{"start":{"line":112,"column":8},"end":{"line":121,"column":10},"skip":true},"29":{"start":{"line":119,"column":12},"end":{"line":119,"column":55},"skip":true},"30":{"start":{"line":120,"column":12},"end":{"line":120,"column":48},"skip":true},"31":{"start":{"line":123,"column":8},"end":{"line":136,"column":10},"skip":true},"32":{"start":{"line":130,"column":12},"end":{"line":130,"column":76},"skip":true},"33":{"start":{"line":131,"column":12},"end":{"line":131,"column":73},"skip":true},"34":{"start":{"line":132,"column":12},"end":{"line":132,"column":74},"skip":true},"35":{"start":{"line":133,"column":12},"end":{"line":133,"column":79},"skip":true},"36":{"start":{"line":134,"column":12},"end":{"line":134,"column":25},"skip":true},"37":{"start":{"line":135,"column":12},"end":{"line":135,"column":45},"skip":true},"38":{"start":{"line":138,"column":8},"end":{"line":145,"column":14},"skip":true},"39":{"start":{"line":143,"column":16},"end":{"line":143,"column":29},"skip":true},"40":{"start":{"line":144,"column":16},"end":{"line":144,"column":55},"skip":true},"41":{"start":{"line":147,"column":8},"end":{"line":156,"column":10},"skip":true},"42":{"start":{"line":154,"column":12},"end":{"line":154,"column":25},"skip":true},"43":{"start":{"line":155,"column":12},"end":{"line":155,"column":45},"skip":true},"44":{"start":{"line":158,"column":8},"end":{"line":167,"column":10},"skip":true},"45":{"start":{"line":165,"column":12},"end":{"line":165,"column":25},"skip":true},"46":{"start":{"line":166,"column":12},"end":{"line":166,"column":48},"skip":true},"47":{"start":{"line":169,"column":8},"end":{"line":178,"column":10},"skip":true},"48":{"start":{"line":176,"column":12},"end":{"line":176,"column":25},"skip":true},"49":{"start":{"line":177,"column":12},"end":{"line":177,"column":46},"skip":true},"50":{"start":{"line":180,"column":8},"end":{"line":189,"column":10},"skip":true},"51":{"start":{"line":187,"column":12},"end":{"line":187,"column":94},"skip":true},"52":{"start":{"line":188,"column":12},"end":{"line":188,"column":48},"skip":true},"53":{"start":{"line":192,"column":8},"end":{"line":192,"column":35},"skip":true},"54":{"start":{"line":193,"column":8},"end":{"line":193,"column":14},"skip":true}},"branchMap":{"1":{"line":25,"type":"binary-expr","locations":[{"start":{"line":25,"column":23},"end":{"line":25,"column":62}},{"start":{"line":26,"column":20},"end":{"line":26,"column":70}},{"start":{"line":27,"column":20},"end":{"line":27,"column":71}},{"start":{"line":28,"column":20},"end":{"line":28,"column":29}}]},"2":{"line":30,"type":"binary-expr","locations":[{"start":{"line":30,"column":23},"end":{"line":30,"column":37}},{"start":{"line":31,"column":20},"end":{"line":31,"column":61}},{"start":{"line":32,"column":20},"end":{"line":32,"column":70}},{"start":{"line":33,"column":20},"end":{"line":33,"column":26}}]},"3":{"line":37,"type":"cond-expr","locations":[{"start":{"line":38,"column":14},"end":{"line":38,"column":20}},{"start":{"line":39,"column":14},"end":{"line":39,"column":20}}]},"4":{"line":40,"type":"switch","locations":[{"start":{"line":42,"column":8},"end":{"line":47,"column":18}},{"start":{"line":49,"column":8},"end":{"line":52,"column":18}}]},"5":{"line":44,"type":"binary-expr","locations":[{"start":{"line":44,"column":16},"end":{"line":44,"column":44}},{"start":{"line":44,"column":48},"end":{"line":44,"column":66}}]},"6":{"line":50,"type":"binary-expr","locations":[{"start":{"line":50,"column":21},"end":{"line":50,"column":49}},{"start":{"line":50,"column":53},"end":{"line":50,"column":72}}]},"7":{"line":64,"type":"switch","locations":[{"start":{"line":69,"column":4},"end":{"line":70,"column":14}},{"start":{"line":75,"column":4},"end":{"line":76,"column":14}}]},"8":{"line":85,"type":"switch","locations":[{"start":{"line":90,"column":4},"end":{"line":105,"column":14}},{"start":{"line":111,"column":4},"end":{"line":193,"column":14},"skip":true}]},"9":{"line":91,"type":"binary-expr","locations":[{"start":{"line":91,"column":42},"end":{"line":91,"column":73}},{"start":{"line":91,"column":77},"end":{"line":99,"column":9}}]},"10":{"line":102,"type":"binary-expr","locations":[{"start":{"line":102,"column":18},"end":{"line":102,"column":32}},{"start":{"line":103,"column":12},"end":{"line":103,"column":53}},{"start":{"line":104,"column":12},"end":{"line":104,"column":61}}]},"11":{"line":112,"type":"binary-expr","locations":[{"start":{"line":112,"column":45},"end":{"line":112,"column":79},"skip":true},{"start":{"line":112,"column":83},"end":{"line":121,"column":9},"skip":true}]},"12":{"line":123,"type":"binary-expr","locations":[{"start":{"line":123,"column":42},"end":{"line":123,"column":73},"skip":true},{"start":{"line":123,"column":77},"end":{"line":136,"column":9},"skip":true}]},"13":{"line":138,"type":"binary-expr","locations":[{"start":{"line":138,"column":48},"end":{"line":138,"column":85},"skip":true},{"start":{"line":139,"column":12},"end":{"line":145,"column":13},"skip":true}]},"14":{"line":147,"type":"binary-expr","locations":[{"start":{"line":147,"column":42},"end":{"line":147,"column":73},"skip":true},{"start":{"line":147,"column":77},"end":{"line":156,"column":9},"skip":true}]},"15":{"line":158,"type":"binary-expr","locations":[{"start":{"line":158,"column":45},"end":{"line":158,"column":79},"skip":true},{"start":{"line":158,"column":83},"end":{"line":167,"column":9},"skip":true}]},"16":{"line":169,"type":"binary-expr","locations":[{"start":{"line":169,"column":43},"end":{"line":169,"column":75},"skip":true},{"start":{"line":169,"column":79},"end":{"line":178,"column":9},"skip":true}]},"17":{"line":180,"type":"binary-expr","locations":[{"start":{"line":180,"column":41},"end":{"line":180,"column":71},"skip":true},{"start":{"line":180,"column":75},"end":{"line":189,"column":9},"skip":true}]}},"code":["/* istanbul instrument in package npmtest_formsy_react */","/*jslint","    bitwise: true,","    browser: true,","    maxerr: 8,","    maxlen: 96,","    node: true,","    nomen: true,","    regexp: true,","    stupid: true","*/","(function () {","    'use strict';","    var local;","","","","    // run shared js-env code - pre-init","    (function () {","        // init local","        local = {};","        // init modeJs","        local.modeJs = (function () {","            try {","                return typeof navigator.userAgent === 'string' &&","                    typeof document.querySelector('body') === 'object' &&","                    typeof XMLHttpRequest.prototype.open === 'function' &&","                    'browser';","            } catch (errorCaughtBrowser) {","                return module.exports &&","                    typeof process.versions.node === 'string' &&","                    typeof require('http').createServer === 'function' &&","                    'node';","            }","        }());","        // init global","        local.global = local.modeJs === 'browser'","            ? window","            : global;","        switch (local.modeJs) {","        // re-init local from window.local","        case 'browser':","            local = local.global.utility2.objectSetDefault(","                local.global.utility2_rollup || local.global.local,","                local.global.utility2","            );","            break;","        // re-init local from example.js","        case 'node':","            local = (local.global.utility2_rollup || require('utility2'))","                .requireExampleJsFromReadme();","            break;","        }","        // export local","        local.global.local = local;","    }());","","","","    // run shared js-env code - function","    (function () {","        return;","    }());","    switch (local.modeJs) {","","","","    // run browser js-env code - function","    case 'browser':","        break;","","","","    // run node js-env code - function","    case 'node':","        break;","    }","","","","    // run shared js-env code - post-init","    (function () {","        return;","    }());","    switch (local.modeJs) {","","","","    // run browser js-env code - post-init","    case 'browser':","        local.testCase_browser_nullCase = local.testCase_browser_nullCase || function (","            options,","            onError","        ) {","        /*","         * this function will test browsers's null-case handling-behavior-behavior","         */","            onError(null, options);","        };","","        // run tests","        local.nop(local.modeTest &&","            document.querySelector('#testRunButton1') &&","            document.querySelector('#testRunButton1').click());","        break;","","","","    // run node js-env code - post-init","    /* istanbul ignore next */","    case 'node':","        local.testCase_buildApidoc_default = local.testCase_buildApidoc_default || function (","            options,","            onError","        ) {","        /*","         * this function will test buildApidoc's default handling-behavior-behavior","         */","            options = { modulePathList: module.paths };","            local.buildApidoc(options, onError);","        };","","        local.testCase_buildApp_default = local.testCase_buildApp_default || function (","            options,","            onError","        ) {","        /*","         * this function will test buildApp's default handling-behavior-behavior","         */","            local.testCase_buildReadme_default(options, local.onErrorThrow);","            local.testCase_buildLib_default(options, local.onErrorThrow);","            local.testCase_buildTest_default(options, local.onErrorThrow);","            local.testCase_buildCustomOrg_default(options, local.onErrorThrow);","            options = [];","            local.buildApp(options, onError);","        };","","        local.testCase_buildCustomOrg_default = local.testCase_buildCustomOrg_default ||","            function (options, onError) {","            /*","             * this function will test buildCustomOrg's default handling-behavior","             */","                options = {};","                local.buildCustomOrg(options, onError);","            };","","        local.testCase_buildLib_default = local.testCase_buildLib_default || function (","            options,","            onError","        ) {","        /*","         * this function will test buildLib's default handling-behavior","         */","            options = {};","            local.buildLib(options, onError);","        };","","        local.testCase_buildReadme_default = local.testCase_buildReadme_default || function (","            options,","            onError","        ) {","        /*","         * this function will test buildReadme's default handling-behavior-behavior","         */","            options = {};","            local.buildReadme(options, onError);","        };","","        local.testCase_buildTest_default = local.testCase_buildTest_default || function (","            options,","            onError","        ) {","        /*","         * this function will test buildTest's default handling-behavior","         */","            options = {};","            local.buildTest(options, onError);","        };","","        local.testCase_webpage_default = local.testCase_webpage_default || function (","            options,","            onError","        ) {","        /*","         * this function will test webpage's default handling-behavior","         */","            options = { modeCoverageMerge: true, url: local.serverLocalHost + '?modeTest=1' };","            local.browserTest(options, onError);","        };","","        // run test-server","        local.testRunServer(local);","        break;","    }","}());",""],"l":{"12":2,"14":2,"19":2,"21":2,"23":2,"24":2,"25":2,"30":1,"37":2,"40":2,"43":1,"47":1,"50":1,"52":1,"55":2,"61":2,"62":2,"64":2,"70":1,"76":1,"82":2,"83":2,"85":2,"91":1,"98":1,"102":1,"105":1,"112":1,"119":1,"120":1,"123":1,"130":1,"131":1,"132":1,"133":1,"134":1,"135":1,"138":1,"143":2,"144":2,"147":1,"154":2,"155":2,"158":1,"165":2,"166":2,"169":1,"176":2,"177":2,"180":1,"187":1,"188":1,"192":1,"193":1}},"/home/travis/build/npmtest/node-npmtest-formsy-react/lib.npmtest_formsy_react.js":{"path":"/home/travis/build/npmtest/node-npmtest-formsy-react/lib.npmtest_formsy_react.js","s":{"1":2,"2":2,"3":2,"4":2,"5":2,"6":2,"7":2,"8":1,"9":2,"10":2,"11":2,"12":2,"13":1,"14":1,"15":1,"16":1},"b":{"1":[2,1,1,1],"2":[1,1,1,1],"3":[1,1],"4":[2,2],"5":[1,1]},"f":{"1":2,"2":2,"3":2},"fnMap":{"1":{"name":"(anonymous_1)","line":12,"loc":{"start":{"line":12,"column":1},"end":{"line":12,"column":13}}},"2":{"name":"(anonymous_2)","line":19,"loc":{"start":{"line":19,"column":5},"end":{"line":19,"column":17}}},"3":{"name":"(anonymous_3)","line":23,"loc":{"start":{"line":23,"column":24},"end":{"line":23,"column":36}}}},"statementMap":{"1":{"start":{"line":12,"column":0},"end":{"line":53,"column":5}},"2":{"start":{"line":14,"column":4},"end":{"line":14,"column":14}},"3":{"start":{"line":19,"column":4},"end":{"line":52,"column":9}},"4":{"start":{"line":21,"column":8},"end":{"line":21,"column":19}},"5":{"start":{"line":23,"column":8},"end":{"line":35,"column":13}},"6":{"start":{"line":24,"column":12},"end":{"line":34,"column":13}},"7":{"start":{"line":25,"column":16},"end":{"line":28,"column":30}},"8":{"start":{"line":30,"column":16},"end":{"line":33,"column":27}},"9":{"start":{"line":37,"column":8},"end":{"line":39,"column":21}},"10":{"start":{"line":41,"column":8},"end":{"line":41,"column":54}},"11":{"start":{"line":43,"column":8},"end":{"line":43,"column":57}},"12":{"start":{"line":45,"column":8},"end":{"line":51,"column":9}},"13":{"start":{"line":46,"column":12},"end":{"line":46,"column":63}},"14":{"start":{"line":48,"column":12},"end":{"line":48,"column":35}},"15":{"start":{"line":49,"column":12},"end":{"line":49,"column":49}},"16":{"start":{"line":50,"column":12},"end":{"line":50,"column":43}}},"branchMap":{"1":{"line":25,"type":"binary-expr","locations":[{"start":{"line":25,"column":23},"end":{"line":25,"column":62}},{"start":{"line":26,"column":20},"end":{"line":26,"column":70}},{"start":{"line":27,"column":20},"end":{"line":27,"column":71}},{"start":{"line":28,"column":20},"end":{"line":28,"column":29}}]},"2":{"line":30,"type":"binary-expr","locations":[{"start":{"line":30,"column":23},"end":{"line":30,"column":37}},{"start":{"line":31,"column":20},"end":{"line":31,"column":61}},{"start":{"line":32,"column":20},"end":{"line":32,"column":70}},{"start":{"line":33,"column":20},"end":{"line":33,"column":26}}]},"3":{"line":37,"type":"cond-expr","locations":[{"start":{"line":38,"column":14},"end":{"line":38,"column":20}},{"start":{"line":39,"column":14},"end":{"line":39,"column":20}}]},"4":{"line":41,"type":"binary-expr","locations":[{"start":{"line":41,"column":16},"end":{"line":41,"column":44}},{"start":{"line":41,"column":48},"end":{"line":41,"column":53}}]},"5":{"line":45,"type":"if","locations":[{"start":{"line":45,"column":8},"end":{"line":45,"column":8}},{"start":{"line":45,"column":8},"end":{"line":45,"column":8}}]}},"code":["/* istanbul instrument in package npmtest_formsy_react */","/*jslint","    bitwise: true,","    browser: true,","    maxerr: 8,","    maxlen: 96,","    node: true,","    nomen: true,","    regexp: true,","    stupid: true","*/","(function () {","    'use strict';","    var local;","","","","    // run shared js-env code - pre-init","    (function () {","        // init local","        local = {};","        // init modeJs","        local.modeJs = (function () {","            try {","                return typeof navigator.userAgent === 'string' &&","                    typeof document.querySelector('body') === 'object' &&","                    typeof XMLHttpRequest.prototype.open === 'function' &&","                    'browser';","            } catch (errorCaughtBrowser) {","                return module.exports &&","                    typeof process.versions.node === 'string' &&","                    typeof require('http').createServer === 'function' &&","                    'node';","            }","        }());","        // init global","        local.global = local.modeJs === 'browser'","            ? window","            : global;","        // init utility2_rollup","        local = local.global.utility2_rollup || local;","        // init lib","        local.local = local.npmtest_formsy_react = local;","        // init exports","        if (local.modeJs === 'browser') {","            local.global.utility2_npmtest_formsy_react = local;","        } else {","            module.exports = local;","            module.exports.__dirname = __dirname;","            module.exports.module = module;","        }","    }());","}());",""],"l":{"12":2,"14":2,"19":2,"21":2,"23":2,"24":2,"25":2,"30":1,"37":2,"41":2,"43":2,"45":2,"46":1,"48":1,"49":1,"50":1}},"/home/travis/build/npmtest/node-npmtest-formsy-react/example.js":{"path":"/home/travis/build/npmtest/node-npmtest-formsy-react/example.js","s":{"1":2,"2":2,"3":2,"4":2,"5":2,"6":2,"7":2,"8":1,"9":2,"10":2,"11":2,"12":2,"13":1,"14":2,"15":2,"16":2,"17":2,"18":2,"19":0,"20":2,"21":1,"22":1,"23":1,"24":1,"25":1,"26":0,"27":0,"28":1,"29":1,"30":2,"31":0,"32":0,"33":0,"34":1,"35":2,"36":2,"37":3,"38":3,"39":3,"40":3,"41":0,"42":3,"43":3,"44":3,"45":1,"46":3,"47":1,"48":1,"49":1,"50":1,"51":1,"52":1,"53":1,"54":1,"55":1,"56":1,"57":0,"58":1,"59":6,"60":6,"61":1,"62":2,"63":0,"64":2,"65":1,"66":1,"67":0,"68":0,"69":0,"70":0,"71":0,"72":0,"73":0,"74":0,"75":0,"76":0,"77":0,"78":0,"79":0,"80":0,"81":0,"82":0,"83":0},"b":{"1":[2,1,1,1],"2":[1,1,1,1],"3":[1,1],"4":[2,2],"5":[1,1],"6":[1,1],"7":[2,0],"8":[2,1,1,1,1,1],"9":[0,2,0],"10":[1,1],"11":[2,1,1],"12":[1,0],"13":[0,2],"14":[2,0,0,0,0,0,0],"15":[0,3],"16":[3,0],"17":[1,1],"18":[0,1],"19":[1,2,0,2],"20":[1,0],"21":[1,1],"22":[0,0],"23":[0,0],"24":[0,0],"25":[0,0],"26":[0,0],"27":[0,0],"28":[0,0]},"f":{"1":2,"2":2,"3":2,"4":2,"5":2,"6":2,"7":3,"8":3,"9":3,"10":1,"11":6,"12":0},"fnMap":{"1":{"name":"(anonymous_1)","line":26,"loc":{"start":{"line":26,"column":1},"end":{"line":26,"column":13}}},"2":{"name":"(anonymous_2)","line":33,"loc":{"start":{"line":33,"column":5},"end":{"line":33,"column":17}}},"3":{"name":"(anonymous_3)","line":37,"loc":{"start":{"line":37,"column":24},"end":{"line":37,"column":36}}},"4":{"name":"(anonymous_4)","line":69,"loc":{"start":{"line":69,"column":31},"end":{"line":69,"column":48}},"skip":true},"5":{"name":"(anonymous_5)","line":78,"loc":{"start":{"line":78,"column":26},"end":{"line":78,"column":45}},"skip":true},"6":{"name":"(anonymous_6)","line":123,"loc":{"start":{"line":123,"column":33},"end":{"line":123,"column":48}},"skip":true},"7":{"name":"(anonymous_7)","line":125,"loc":{"start":{"line":125,"column":27},"end":{"line":125,"column":39}},"skip":true},"8":{"name":"(anonymous_8)","line":133,"loc":{"start":{"line":133,"column":59},"end":{"line":133,"column":74}},"skip":true},"9":{"name":"(anonymous_9)","line":143,"loc":{"start":{"line":143,"column":45},"end":{"line":143,"column":62}},"skip":true},"10":{"name":"(anonymous_10)","line":144,"loc":{"start":{"line":144,"column":73},"end":{"line":144,"column":92}},"skip":true},"11":{"name":"(anonymous_11)","line":272,"loc":{"start":{"line":272,"column":51},"end":{"line":272,"column":77}},"skip":true},"12":{"name":"(anonymous_12)","line":315,"loc":{"start":{"line":315,"column":32},"end":{"line":315,"column":61}},"skip":true}},"statementMap":{"1":{"start":{"line":26,"column":0},"end":{"line":326,"column":5}},"2":{"start":{"line":28,"column":4},"end":{"line":28,"column":14}},"3":{"start":{"line":33,"column":4},"end":{"line":60,"column":9}},"4":{"start":{"line":35,"column":8},"end":{"line":35,"column":19}},"5":{"start":{"line":37,"column":8},"end":{"line":49,"column":13}},"6":{"start":{"line":38,"column":12},"end":{"line":48,"column":13}},"7":{"start":{"line":39,"column":16},"end":{"line":42,"column":30}},"8":{"start":{"line":44,"column":16},"end":{"line":47,"column":27}},"9":{"start":{"line":51,"column":8},"end":{"line":53,"column":21}},"10":{"start":{"line":55,"column":8},"end":{"line":57,"column":45}},"11":{"start":{"line":59,"column":8},"end":{"line":59,"column":35}},"12":{"start":{"line":61,"column":4},"end":{"line":325,"column":5}},"13":{"start":{"line":69,"column":8},"end":{"line":121,"column":10},"skip":true},"14":{"start":{"line":70,"column":12},"end":{"line":88,"column":13},"skip":true},"15":{"start":{"line":76,"column":16},"end":{"line":87,"column":19},"skip":true},"16":{"start":{"line":79,"column":20},"end":{"line":86,"column":21},"skip":true},"17":{"start":{"line":82,"column":24},"end":{"line":82,"column":43},"skip":true},"18":{"start":{"line":83,"column":24},"end":{"line":83,"column":30},"skip":true},"19":{"start":{"line":85,"column":24},"end":{"line":85,"column":49},"skip":true},"20":{"start":{"line":89,"column":12},"end":{"line":107,"column":13},"skip":true},"21":{"start":{"line":92,"column":16},"end":{"line":102,"column":17},"skip":true},"22":{"start":{"line":93,"column":20},"end":{"line":93,"column":86},"skip":true},"23":{"start":{"line":94,"column":20},"end":{"line":95,"column":45},"skip":true},"24":{"start":{"line":96,"column":20},"end":{"line":96,"column":42},"skip":true},"25":{"start":{"line":97,"column":20},"end":{"line":97,"column":48},"skip":true},"26":{"start":{"line":100,"column":20},"end":{"line":100,"column":85},"skip":true},"27":{"start":{"line":101,"column":20},"end":{"line":101,"column":96},"skip":true},"28":{"start":{"line":103,"column":16},"end":{"line":103,"column":22},"skip":true},"29":{"start":{"line":106,"column":16},"end":{"line":106,"column":22},"skip":true},"30":{"start":{"line":108,"column":12},"end":{"line":120,"column":13},"skip":true},"31":{"start":{"line":114,"column":16},"end":{"line":119,"column":17},"skip":true},"32":{"start":{"line":116,"column":20},"end":{"line":116,"column":78},"skip":true},"33":{"start":{"line":118,"column":20},"end":{"line":118,"column":47},"skip":true},"34":{"start":{"line":123,"column":8},"end":{"line":141,"column":11},"skip":true},"35":{"start":{"line":124,"column":12},"end":{"line":124,"column":54},"skip":true},"36":{"start":{"line":125,"column":12},"end":{"line":140,"column":14},"skip":true},"37":{"start":{"line":126,"column":16},"end":{"line":126,"column":28},"skip":true},"38":{"start":{"line":127,"column":16},"end":{"line":127,"column":69},"skip":true},"39":{"start":{"line":128,"column":16},"end":{"line":128,"column":75},"skip":true},"40":{"start":{"line":129,"column":16},"end":{"line":131,"column":17},"skip":true},"41":{"start":{"line":130,"column":20},"end":{"line":130,"column":27},"skip":true},"42":{"start":{"line":133,"column":16},"end":{"line":137,"column":36},"skip":true},"43":{"start":{"line":134,"column":20},"end":{"line":136,"column":55},"skip":true},"44":{"start":{"line":139,"column":16},"end":{"line":139,"column":57},"skip":true},"45":{"start":{"line":143,"column":8},"end":{"line":147,"column":11},"skip":true},"46":{"start":{"line":144,"column":12},"end":{"line":146,"column":15},"skip":true},"47":{"start":{"line":145,"column":16},"end":{"line":145,"column":70},"skip":true},"48":{"start":{"line":149,"column":8},"end":{"line":149,"column":31},"skip":true},"49":{"start":{"line":150,"column":8},"end":{"line":150,"column":14},"skip":true},"50":{"start":{"line":158,"column":8},"end":{"line":158,"column":31},"skip":true},"51":{"start":{"line":160,"column":8},"end":{"line":160,"column":33},"skip":true},"52":{"start":{"line":161,"column":8},"end":{"line":161,"column":37},"skip":true},"53":{"start":{"line":162,"column":8},"end":{"line":162,"column":35},"skip":true},"54":{"start":{"line":164,"column":8},"end":{"line":164,"column":50},"skip":true},"55":{"start":{"line":166,"column":8},"end":{"line":256,"column":2},"skip":true},"56":{"start":{"line":258,"column":8},"end":{"line":286,"column":9},"skip":true},"57":{"start":{"line":259,"column":12},"end":{"line":269,"column":14},"skip":true},"58":{"start":{"line":271,"column":12},"end":{"line":285,"column":19},"skip":true},"59":{"start":{"line":274,"column":20},"end":{"line":274,"column":35},"skip":true},"60":{"start":{"line":275,"column":20},"end":{"line":284,"column":21},"skip":true},"61":{"start":{"line":277,"column":24},"end":{"line":277,"column":64},"skip":true},"62":{"start":{"line":279,"column":24},"end":{"line":279,"column":40},"skip":true},"63":{"start":{"line":281,"column":24},"end":{"line":281,"column":40},"skip":true},"64":{"start":{"line":283,"column":24},"end":{"line":283,"column":39},"skip":true},"65":{"start":{"line":288,"column":8},"end":{"line":290,"column":9},"skip":true},"66":{"start":{"line":289,"column":12},"end":{"line":289,"column":18},"skip":true},"67":{"start":{"line":291,"column":8},"end":{"line":293,"column":54},"skip":true},"68":{"start":{"line":296,"column":8},"end":{"line":301,"column":37},"skip":true},"69":{"start":{"line":303,"column":8},"end":{"line":303,"column":82},"skip":true},"70":{"start":{"line":306,"column":8},"end":{"line":308,"column":9},"skip":true},"71":{"start":{"line":307,"column":12},"end":{"line":307,"column":82},"skip":true},"72":{"start":{"line":310,"column":8},"end":{"line":312,"column":9},"skip":true},"73":{"start":{"line":311,"column":12},"end":{"line":311,"column":18},"skip":true},"74":{"start":{"line":313,"column":8},"end":{"line":313,"column":54},"skip":true},"75":{"start":{"line":314,"column":8},"end":{"line":314,"column":69},"skip":true},"76":{"start":{"line":315,"column":8},"end":{"line":323,"column":36},"skip":true},"77":{"start":{"line":316,"column":12},"end":{"line":316,"column":61},"skip":true},"78":{"start":{"line":317,"column":12},"end":{"line":320,"column":13},"skip":true},"79":{"start":{"line":318,"column":16},"end":{"line":318,"column":75},"skip":true},"80":{"start":{"line":319,"column":16},"end":{"line":319,"column":23},"skip":true},"81":{"start":{"line":321,"column":12},"end":{"line":321,"column":38},"skip":true},"82":{"start":{"line":322,"column":12},"end":{"line":322,"column":27},"skip":true},"83":{"start":{"line":324,"column":8},"end":{"line":324,"column":14},"skip":true}},"branchMap":{"1":{"line":39,"type":"binary-expr","locations":[{"start":{"line":39,"column":23},"end":{"line":39,"column":62}},{"start":{"line":40,"column":20},"end":{"line":40,"column":70}},{"start":{"line":41,"column":20},"end":{"line":41,"column":71}},{"start":{"line":42,"column":20},"end":{"line":42,"column":29}}]},"2":{"line":44,"type":"binary-expr","locations":[{"start":{"line":44,"column":23},"end":{"line":44,"column":37}},{"start":{"line":45,"column":20},"end":{"line":45,"column":61}},{"start":{"line":46,"column":20},"end":{"line":46,"column":70}},{"start":{"line":47,"column":20},"end":{"line":47,"column":26}}]},"3":{"line":51,"type":"cond-expr","locations":[{"start":{"line":52,"column":14},"end":{"line":52,"column":20}},{"start":{"line":53,"column":14},"end":{"line":53,"column":20}}]},"4":{"line":55,"type":"binary-expr","locations":[{"start":{"line":55,"column":16},"end":{"line":55,"column":44}},{"start":{"line":55,"column":49},"end":{"line":57,"column":43}}]},"5":{"line":55,"type":"cond-expr","locations":[{"start":{"line":56,"column":14},"end":{"line":56,"column":56}},{"start":{"line":57,"column":14},"end":{"line":57,"column":43}}]},"6":{"line":61,"type":"switch","locations":[{"start":{"line":68,"column":4},"end":{"line":150,"column":14},"skip":true},{"start":{"line":156,"column":4},"end":{"line":324,"column":14},"skip":true}]},"7":{"line":70,"type":"if","locations":[{"start":{"line":70,"column":12},"end":{"line":70,"column":12},"skip":true},{"start":{"line":70,"column":12},"end":{"line":70,"column":12},"skip":true}]},"8":{"line":70,"type":"binary-expr","locations":[{"start":{"line":70,"column":16},"end":{"line":70,"column":22},"skip":true},{"start":{"line":70,"column":27},"end":{"line":70,"column":32},"skip":true},{"start":{"line":71,"column":20},"end":{"line":71,"column":39},"skip":true},{"start":{"line":72,"column":20},"end":{"line":72,"column":49},"skip":true},{"start":{"line":73,"column":20},"end":{"line":73,"column":58},"skip":true},{"start":{"line":74,"column":20},"end":{"line":74,"column":69},"skip":true}]},"9":{"line":79,"type":"switch","locations":[{"start":{"line":80,"column":20},"end":{"line":80,"column":33},"skip":true},{"start":{"line":81,"column":20},"end":{"line":83,"column":30},"skip":true},{"start":{"line":84,"column":20},"end":{"line":85,"column":49},"skip":true}]},"10":{"line":89,"type":"switch","locations":[{"start":{"line":90,"column":12},"end":{"line":103,"column":22},"skip":true},{"start":{"line":105,"column":12},"end":{"line":106,"column":22},"skip":true}]},"11":{"line":89,"type":"binary-expr","locations":[{"start":{"line":89,"column":20},"end":{"line":89,"column":25},"skip":true},{"start":{"line":89,"column":29},"end":{"line":89,"column":48},"skip":true},{"start":{"line":89,"column":52},"end":{"line":89,"column":74},"skip":true}]},"12":{"line":92,"type":"if","locations":[{"start":{"line":92,"column":16},"end":{"line":92,"column":16},"skip":true},{"start":{"line":92,"column":16},"end":{"line":92,"column":16},"skip":true}]},"13":{"line":108,"type":"if","locations":[{"start":{"line":108,"column":12},"end":{"line":108,"column":12},"skip":true},{"start":{"line":108,"column":12},"end":{"line":108,"column":12},"skip":true}]},"14":{"line":108,"type":"binary-expr","locations":[{"start":{"line":108,"column":16},"end":{"line":108,"column":61},"skip":true},{"start":{"line":108,"column":66},"end":{"line":108,"column":72},"skip":true},{"start":{"line":108,"column":77},"end":{"line":108,"column":82},"skip":true},{"start":{"line":109,"column":20},"end":{"line":109,"column":39},"skip":true},{"start":{"line":110,"column":20},"end":{"line":110,"column":49},"skip":true},{"start":{"line":111,"column":20},"end":{"line":111,"column":58},"skip":true},{"start":{"line":112,"column":20},"end":{"line":112,"column":68},"skip":true}]},"15":{"line":129,"type":"if","locations":[{"start":{"line":129,"column":16},"end":{"line":129,"column":16},"skip":true},{"start":{"line":129,"column":16},"end":{"line":129,"column":16},"skip":true}]},"16":{"line":134,"type":"cond-expr","locations":[{"start":{"line":135,"column":26},"end":{"line":135,"column":29},"skip":true},{"start":{"line":136,"column":26},"end":{"line":136,"column":54},"skip":true}]},"17":{"line":164,"type":"binary-expr","locations":[{"start":{"line":164,"column":27},"end":{"line":164,"column":43},"skip":true},{"start":{"line":164,"column":47},"end":{"line":164,"column":49},"skip":true}]},"18":{"line":258,"type":"if","locations":[{"start":{"line":258,"column":8},"end":{"line":258,"column":8},"skip":true},{"start":{"line":258,"column":8},"end":{"line":258,"column":8},"skip":true}]},"19":{"line":275,"type":"switch","locations":[{"start":{"line":276,"column":20},"end":{"line":277,"column":64},"skip":true},{"start":{"line":278,"column":20},"end":{"line":279,"column":40},"skip":true},{"start":{"line":280,"column":20},"end":{"line":281,"column":40},"skip":true},{"start":{"line":282,"column":20},"end":{"line":283,"column":39},"skip":true}]},"20":{"line":288,"type":"if","locations":[{"start":{"line":288,"column":8},"end":{"line":288,"column":8},"skip":true},{"start":{"line":288,"column":8},"end":{"line":288,"column":8},"skip":true}]},"21":{"line":288,"type":"binary-expr","locations":[{"start":{"line":288,"column":12},"end":{"line":288,"column":40},"skip":true},{"start":{"line":288,"column":44},"end":{"line":288,"column":67},"skip":true}]},"22":{"line":292,"type":"binary-expr","locations":[{"start":{"line":292,"column":12},"end":{"line":292,"column":50},"skip":true},{"start":{"line":293,"column":12},"end":{"line":293,"column":53},"skip":true}]},"23":{"line":297,"type":"binary-expr","locations":[{"start":{"line":297,"column":12},"end":{"line":297,"column":70},"skip":true},{"start":{"line":298,"column":12},"end":{"line":301,"column":36},"skip":true}]},"24":{"line":303,"type":"binary-expr","locations":[{"start":{"line":303,"column":43},"end":{"line":303,"column":75},"skip":true},{"start":{"line":303,"column":79},"end":{"line":303,"column":81},"skip":true}]},"25":{"line":306,"type":"if","locations":[{"start":{"line":306,"column":8},"end":{"line":306,"column":8},"skip":true},{"start":{"line":306,"column":8},"end":{"line":306,"column":8},"skip":true}]},"26":{"line":310,"type":"if","locations":[{"start":{"line":310,"column":8},"end":{"line":310,"column":8},"skip":true},{"start":{"line":310,"column":8},"end":{"line":310,"column":8},"skip":true}]},"27":{"line":313,"type":"binary-expr","locations":[{"start":{"line":313,"column":27},"end":{"line":313,"column":43},"skip":true},{"start":{"line":313,"column":47},"end":{"line":313,"column":53},"skip":true}]},"28":{"line":317,"type":"if","locations":[{"start":{"line":317,"column":12},"end":{"line":317,"column":12},"skip":true},{"start":{"line":317,"column":12},"end":{"line":317,"column":12},"skip":true}]}},"code":["/*","example.js","","quickstart example","","instruction","    1. save this script as example.js","    2. run the shell command:","        $ npm install npmtest-formsy-react && PORT=8081 node example.js","    3. play with the browser-demo on http://127.0.0.1:8081","*/","","","","/* istanbul instrument in package npmtest_formsy_react */","/*jslint","    bitwise: true,","    browser: true,","    maxerr: 8,","    maxlen: 96,","    node: true,","    nomen: true,","    regexp: true,","    stupid: true","*/","(function () {","    'use strict';","    var local;","","","","    // run shared js-env code - pre-init","    (function () {","        // init local","        local = {};","        // init modeJs","        local.modeJs = (function () {","            try {","                return typeof navigator.userAgent === 'string' &&","                    typeof document.querySelector('body') === 'object' &&","                    typeof XMLHttpRequest.prototype.open === 'function' &&","                    'browser';","            } catch (errorCaughtBrowser) {","                return module.exports &&","                    typeof process.versions.node === 'string' &&","                    typeof require('http').createServer === 'function' &&","                    'node';","            }","        }());","        // init global","        local.global = local.modeJs === 'browser'","            ? window","            : global;","        // init utility2_rollup","        local = local.global.utility2_rollup || (local.modeJs === 'browser'","            ? local.global.utility2_npmtest_formsy_react","            : global.utility2_moduleExports);","        // export local","        local.global.local = local;","    }());","    switch (local.modeJs) {","","","","    // post-init","    // run browser js-env code - post-init","    /* istanbul ignore next */","    case 'browser':","        local.testRunBrowser = function (event) {","            if (!event || (event &&","                    event.currentTarget &&","                    event.currentTarget.className &&","                    event.currentTarget.className.includes &&","                    event.currentTarget.className.includes('onreset'))) {","                // reset output","                Array.from(","                    document.querySelectorAll('body > .resettable')","                ).forEach(function (element) {","                    switch (element.tagName) {","                    case 'INPUT':","                    case 'TEXTAREA':","                        element.value = '';","                        break;","                    default:","                        element.textContent = '';","                    }","                });","            }","            switch (event && event.currentTarget && event.currentTarget.id) {","            case 'testRunButton1':","                // show tests","                if (document.querySelector('#testReportDiv1').style.display === 'none') {","                    document.querySelector('#testReportDiv1').style.display = 'block';","                    document.querySelector('#testRunButton1').textContent =","                        'hide internal test';","                    local.modeTest = true;","                    local.testRunDefault(local);","                // hide tests","                } else {","                    document.querySelector('#testReportDiv1').style.display = 'none';","                    document.querySelector('#testRunButton1').textContent = 'run internal test';","                }","                break;","            // custom-case","            default:","                break;","            }","            if (document.querySelector('#inputTextareaEval1') && (!event || (event &&","                    event.currentTarget &&","                    event.currentTarget.className &&","                    event.currentTarget.className.includes &&","                    event.currentTarget.className.includes('oneval')))) {","                // try to eval input-code","                try {","                    /*jslint evil: true*/","                    eval(document.querySelector('#inputTextareaEval1').value);","                } catch (errorCaught) {","                    console.error(errorCaught);","                }","            }","        };","        // log stderr and stdout to #outputTextareaStdout1","        ['error', 'log'].forEach(function (key) {","            console[key + '_original'] = console[key];","            console[key] = function () {","                var element;","                console[key + '_original'].apply(console, arguments);","                element = document.querySelector('#outputTextareaStdout1');","                if (!element) {","                    return;","                }","                // append text to #outputTextareaStdout1","                element.value += Array.from(arguments).map(function (arg) {","                    return typeof arg === 'string'","                        ? arg","                        : JSON.stringify(arg, null, 4);","                }).join(' ') + '\\n';","                // scroll textarea to bottom","                element.scrollTop = element.scrollHeight;","            };","        });","        // init event-handling","        ['change', 'click', 'keyup'].forEach(function (event) {","            Array.from(document.querySelectorAll('.on' + event)).forEach(function (element) {","                element.addEventListener(event, local.testRunBrowser);","            });","        });","        // run tests","        local.testRunBrowser();","        break;","","","","    // run node js-env code - post-init","    /* istanbul ignore next */","    case 'node':","        // export local","        module.exports = local;","        // require modules","        local.fs = require('fs');","        local.http = require('http');","        local.url = require('url');","        // init assets","        local.assetsDict = local.assetsDict || {};","        /* jslint-ignore-begin */","        local.assetsDict['/assets.index.template.html'] = '\\","<!doctype html>\\n\\","<html lang=\"en\">\\n\\","<head>\\n\\","<meta charset=\"UTF-8\">\\n\\","<meta name=\"viewport\" content=\"width=device-width, initial-scale=1\">\\n\\","<title>{{env.npm_package_name}} (v{{env.npm_package_version}})</title>\\n\\","<style>\\n\\","/*csslint\\n\\","    box-sizing: false,\\n\\","    universal-selector: false\\n\\","*/\\n\\","* {\\n\\","    box-sizing: border-box;\\n\\","}\\n\\","body {\\n\\","    background: #dde;\\n\\","    font-family: Arial, Helvetica, sans-serif;\\n\\","    margin: 2rem;\\n\\","}\\n\\","body > * {\\n\\","    margin-bottom: 1rem;\\n\\","}\\n\\",".utility2FooterDiv {\\n\\","    margin-top: 20px;\\n\\","    text-align: center;\\n\\","}\\n\\","</style>\\n\\","<style>\\n\\","/*csslint\\n\\","*/\\n\\","textarea {\\n\\","    font-family: monospace;\\n\\","    height: 10rem;\\n\\","    width: 100%;\\n\\","}\\n\\","textarea[readonly] {\\n\\","    background: #ddd;\\n\\","}\\n\\","</style>\\n\\","</head>\\n\\","<body>\\n\\","<!-- utility2-comment\\n\\","<div id=\"ajaxProgressDiv1\" style=\"background: #d00; height: 2px; left: 0; margin: 0; padding: 0; position: fixed; top: 0; transition: background 0.5s, width 1.5s; width: 25%;\"></div>\\n\\","utility2-comment -->\\n\\","<h1>\\n\\","<!-- utility2-comment\\n\\","    <a\\n\\","        {{#if env.npm_package_homepage}}\\n\\","        href=\"{{env.npm_package_homepage}}\"\\n\\","        {{/if env.npm_package_homepage}}\\n\\","        target=\"_blank\"\\n\\","    >\\n\\","utility2-comment -->\\n\\","        {{env.npm_package_name}} (v{{env.npm_package_version}})\\n\\","<!-- utility2-comment\\n\\","    </a>\\n\\","utility2-comment -->\\n\\","</h1>\\n\\","<h3>{{env.npm_package_description}}</h3>\\n\\","<!-- utility2-comment\\n\\","<h4><a download href=\"assets.app.js\">download standalone app</a></h4>\\n\\","<button class=\"onclick onreset\" id=\"testRunButton1\">run internal test</button><br>\\n\\","<div id=\"testReportDiv1\" style=\"display: none;\"></div>\\n\\","utility2-comment -->\\n\\","\\n\\","\\n\\","\\n\\","<label>stderr and stdout</label>\\n\\","<textarea class=\"resettable\" id=\"outputTextareaStdout1\" readonly></textarea>\\n\\","<!-- utility2-comment\\n\\","{{#if isRollup}}\\n\\","<script src=\"assets.app.js\"></script>\\n\\","{{#unless isRollup}}\\n\\","utility2-comment -->\\n\\","<script src=\"assets.utility2.rollup.js\"></script>\\n\\","<script src=\"jsonp.utility2._stateInit?callback=window.utility2._stateInit\"></script>\\n\\","<script src=\"assets.npmtest_formsy_react.rollup.js\"></script>\\n\\","<script src=\"assets.example.js\"></script>\\n\\","<script src=\"assets.test.js\"></script>\\n\\","<!-- utility2-comment\\n\\","{{/if isRollup}}\\n\\","utility2-comment -->\\n\\","<div class=\"utility2FooterDiv\">\\n\\","    [ this app was created with\\n\\","    <a href=\"https://github.com/kaizhu256/node-utility2\" target=\"_blank\">utility2</a>\\n\\","    ]\\n\\","</div>\\n\\","</body>\\n\\","</html>\\n\\","';","        /* jslint-ignore-end */","        if (local.templateRender) {","            local.assetsDict['/'] = local.templateRender(","                local.assetsDict['/assets.index.template.html'],","                {","                    env: local.objectSetDefault(local.env, {","                        npm_package_description: 'the greatest app in the world!',","                        npm_package_name: 'my-app',","                        npm_package_nameAlias: 'my_app',","                        npm_package_version: '0.0.1'","                    })","                }","            );","        } else {","            local.assetsDict['/'] = local.assetsDict['/assets.index.template.html']","                .replace((/\\{\\{env\\.(\\w+?)\\}\\}/g), function (match0, match1) {","                    // jslint-hack","                    String(match0);","                    switch (match1) {","                    case 'npm_package_description':","                        return 'the greatest app in the world!';","                    case 'npm_package_name':","                        return 'my-app';","                    case 'npm_package_nameAlias':","                        return 'my_app';","                    case 'npm_package_version':","                        return '0.0.1';","                    }","                });","        }","        // run the cli","        if (local.global.utility2_rollup || module !== require.main) {","            break;","        }","        local.assetsDict['/assets.example.js'] =","            local.assetsDict['/assets.example.js'] ||","            local.fs.readFileSync(__filename, 'utf8');","        // bug-workaround - long $npm_package_buildCustomOrg","        /* jslint-ignore-begin */","        local.assetsDict['/assets.npmtest_formsy_react.rollup.js'] =","            local.assetsDict['/assets.npmtest_formsy_react.rollup.js'] ||","            local.fs.readFileSync(","                local.npmtest_formsy_react.__dirname + '/lib.npmtest_formsy_react.js',","                'utf8'","            ).replace((/^#!/), '//');","        /* jslint-ignore-end */","        local.assetsDict['/favicon.ico'] = local.assetsDict['/favicon.ico'] || '';","        // if $npm_config_timeout_exit exists,","        // then exit this process after $npm_config_timeout_exit ms","        if (Number(process.env.npm_config_timeout_exit)) {","            setTimeout(process.exit, Number(process.env.npm_config_timeout_exit));","        }","        // start server","        if (local.global.utility2_serverHttp1) {","            break;","        }","        process.env.PORT = process.env.PORT || '8081';","        console.error('server starting on port ' + process.env.PORT);","        local.http.createServer(function (request, response) {","            request.urlParsed = local.url.parse(request.url);","            if (local.assetsDict[request.urlParsed.pathname] !== undefined) {","                response.end(local.assetsDict[request.urlParsed.pathname]);","                return;","            }","            response.statusCode = 404;","            response.end();","        }).listen(process.env.PORT);","        break;","    }","}());",""],"l":{"26":2,"28":2,"33":2,"35":2,"37":2,"38":2,"39":2,"44":1,"51":2,"55":2,"59":2,"61":2,"69":1,"70":2,"76":2,"79":2,"82":2,"83":2,"85":1,"89":2,"92":1,"93":1,"94":1,"96":1,"97":1,"100":1,"101":1,"103":1,"106":1,"108":2,"114":1,"116":1,"118":1,"123":1,"124":2,"125":2,"126":3,"127":3,"128":3,"129":3,"130":1,"133":3,"134":3,"139":3,"143":1,"144":3,"145":1,"149":1,"150":1,"158":1,"160":1,"161":1,"162":1,"164":1,"166":1,"258":1,"259":1,"271":1,"274":6,"275":6,"277":1,"279":2,"281":1,"283":2,"288":1,"289":1,"291":1,"296":1,"303":1,"306":1,"307":1,"310":1,"311":1,"313":1,"314":1,"315":1,"316":1,"317":1,"318":1,"319":1,"321":1,"322":1,"324":1}},"/home/travis/build/npmtest/node-npmtest-formsy-react/node_modules/formsy-react/lib/main.js":{"path":"/home/travis/build/npmtest/node-npmtest-formsy-react/node_modules/formsy-react/lib/main.js","s":{"1":1,"2":0,"3":0,"4":0,"5":0,"6":0,"7":0,"8":1,"9":0,"10":0,"11":1,"12":0,"13":0,"14":0,"15":0,"16":0,"17":0,"18":0,"19":0,"20":1,"21":1,"22":1,"23":1,"24":1,"25":1,"26":1,"27":1,"28":1,"29":1,"30":1,"31":1,"32":1,"33":1,"34":0,"35":1,"36":0,"37":1,"38":0,"39":1,"40":0,"41":0,"42":0,"43":0,"44":0,"45":0,"46":0,"47":0,"48":0,"49":0,"50":0,"51":0,"52":0,"53":0,"54":0,"55":0,"56":0,"57":0,"58":0,"59":0,"60":0,"61":0,"62":0,"63":0,"64":0,"65":0,"66":0,"67":0,"68":0,"69":0,"70":0,"71":0,"72":0,"73":0,"74":0,"75":0,"76":0,"77":0,"78":0,"79":0,"80":0,"81":0,"82":0,"83":0,"84":0,"85":0,"86":0,"87":0,"88":0,"89":0,"90":0,"91":0,"92":0,"93":0,"94":0,"95":0,"96":0,"97":0,"98":0,"99":0,"100":0,"101":0,"102":0,"103":0,"104":0,"105":0,"106":0,"107":0,"108":0,"109":0,"110":0,"111":0,"112":0,"113":0,"114":0,"115":0,"116":0,"117":0,"118":0,"119":0,"120":0,"121":0,"122":0,"123":0,"124":0,"125":0,"126":0,"127":0,"128":0,"129":0,"130":0,"131":0,"132":0,"133":0,"134":0,"135":0,"136":0,"137":0,"138":0,"139":0,"140":0,"141":0,"142":0,"143":0,"144":0,"145":0,"146":0,"147":0,"148":0,"149":0,"150":0,"151":0,"152":0,"153":0,"154":0,"155":0,"156":0,"157":0,"158":0,"159":0,"160":0,"161":0,"162":0,"163":0,"164":0,"165":0,"166":0,"167":0,"168":0,"169":0,"170":0,"171":0,"172":0,"173":0,"174":0,"175":0,"176":0,"177":0,"178":0,"179":0,"180":0,"181":1,"182":0,"183":1},"b":{"1":[1,0],"2":[0,0],"3":[1,0],"4":[1,1],"5":[0,0],"6":[0,0,0,0],"7":[0,0],"8":[0,0],"9":[1,1],"10":[0,0],"11":[0,0,0],"12":[0,0],"13":[0,0],"14":[0,0],"15":[0,0],"16":[0,0],"17":[0,0],"18":[0,0],"19":[0,0],"20":[0,0],"21":[0,0],"22":[0,0],"23":[0,0],"24":[0,0],"25":[0,0],"26":[0,0],"27":[0,0],"28":[0,0],"29":[0,0],"30":[0,0],"31":[0,0],"32":[0,0],"33":[0,0],"34":[0,0],"35":[0,0],"36":[0,0],"37":[0,0],"38":[0,0],"39":[0,0],"40":[0,0],"41":[0,0],"42":[0,0],"43":[0,0],"44":[0,0],"45":[0,0],"46":[0,0],"47":[0,0],"48":[0,0],"49":[0,0],"50":[0,0],"51":[0,0],"52":[0,0],"53":[0,0],"54":[0,0],"55":[0,0],"56":[0,0],"57":[0,0],"58":[0,0],"59":[0,0],"60":[0,0],"61":[0,0],"62":[0,0],"63":[0,1],"64":[1,1,0,0]},"f":{"1":0,"2":0,"3":0,"4":0,"5":0,"6":0,"7":0,"8":1,"9":0,"10":0,"11":0,"12":0,"13":0,"14":0,"15":0,"16":0,"17":0,"18":0,"19":0,"20":0,"21":0,"22":0,"23":0,"24":0,"25":0,"26":0,"27":0,"28":0,"29":0,"30":0,"31":0,"32":0,"33":0,"34":0,"35":0,"36":0,"37":0,"38":0,"39":0,"40":0,"41":0,"42":0,"43":0,"44":0,"45":0,"46":0,"47":0,"48":0,"49":0,"50":0,"51":0,"52":0,"53":0,"54":0,"55":0,"56":0,"57":0,"58":0},"fnMap":{"1":{"name":"(anonymous_1)","line":3,"loc":{"start":{"line":3,"column":32},"end":{"line":3,"column":50}}},"2":{"name":"(anonymous_2)","line":5,"loc":{"start":{"line":5,"column":84},"end":{"line":5,"column":99}}},"3":{"name":"(anonymous_3)","line":5,"loc":{"start":{"line":5,"column":124},"end":{"line":5,"column":139}}},"4":{"name":"_objectWithoutProperties","line":7,"loc":{"start":{"line":7,"column":0},"end":{"line":7,"column":45}}},"5":{"name":"(anonymous_5)","line":24,"loc":{"start":{"line":24,"column":18},"end":{"line":24,"column":43}}},"6":{"name":"(anonymous_6)","line":28,"loc":{"start":{"line":28,"column":27},"end":{"line":28,"column":49}}},"7":{"name":"getInitialState","line":34,"loc":{"start":{"line":34,"column":19},"end":{"line":34,"column":46}}},"8":{"name":"getDefaultProps","line":41,"loc":{"start":{"line":41,"column":19},"end":{"line":41,"column":46}}},"9":{"name":"onSuccess","line":43,"loc":{"start":{"line":43,"column":17},"end":{"line":43,"column":38}}},"10":{"name":"onError","line":44,"loc":{"start":{"line":44,"column":15},"end":{"line":44,"column":34}}},"11":{"name":"onSubmit","line":45,"loc":{"start":{"line":45,"column":16},"end":{"line":45,"column":36}}},"12":{"name":"onValidSubmit","line":46,"loc":{"start":{"line":46,"column":21},"end":{"line":46,"column":46}}},"13":{"name":"onInvalidSubmit","line":47,"loc":{"start":{"line":47,"column":23},"end":{"line":47,"column":50}}},"14":{"name":"onValid","line":48,"loc":{"start":{"line":48,"column":15},"end":{"line":48,"column":34}}},"15":{"name":"onInvalid","line":49,"loc":{"start":{"line":49,"column":17},"end":{"line":49,"column":38}}},"16":{"name":"onChange","line":50,"loc":{"start":{"line":50,"column":16},"end":{"line":50,"column":36}}},"17":{"name":"getChildContext","line":59,"loc":{"start":{"line":59,"column":19},"end":{"line":59,"column":46}}},"18":{"name":"isValidValue","line":68,"loc":{"start":{"line":68,"column":22},"end":{"line":68,"column":62}}},"19":{"name":"componentWillMount","line":77,"loc":{"start":{"line":77,"column":22},"end":{"line":77,"column":52}}},"20":{"name":"componentDidMount","line":81,"loc":{"start":{"line":81,"column":21},"end":{"line":81,"column":50}}},"21":{"name":"componentWillUpdate","line":85,"loc":{"start":{"line":85,"column":23},"end":{"line":85,"column":54}}},"22":{"name":"(anonymous_22)","line":88,"loc":{"start":{"line":88,"column":42},"end":{"line":88,"column":63}}},"23":{"name":"componentDidUpdate","line":93,"loc":{"start":{"line":93,"column":22},"end":{"line":93,"column":52}}},"24":{"name":"(anonymous_24)","line":99,"loc":{"start":{"line":99,"column":40},"end":{"line":99,"column":61}}},"25":{"name":"reset","line":108,"loc":{"start":{"line":108,"column":9},"end":{"line":108,"column":30}}},"26":{"name":"submit","line":114,"loc":{"start":{"line":114,"column":10},"end":{"line":114,"column":33}}},"27":{"name":"mapModel","line":127,"loc":{"start":{"line":127,"column":12},"end":{"line":127,"column":37}}},"28":{"name":"(anonymous_28)","line":132,"loc":{"start":{"line":132,"column":62},"end":{"line":132,"column":90}}},"29":{"name":"getModel","line":146,"loc":{"start":{"line":146,"column":12},"end":{"line":146,"column":32}}},"30":{"name":"resetModel","line":152,"loc":{"start":{"line":152,"column":14},"end":{"line":152,"column":40}}},"31":{"name":"(anonymous_31)","line":153,"loc":{"start":{"line":153,"column":24},"end":{"line":153,"column":45}}},"32":{"name":"setInputValidationErrors","line":164,"loc":{"start":{"line":164,"column":28},"end":{"line":164,"column":70}}},"33":{"name":"(anonymous_33)","line":165,"loc":{"start":{"line":165,"column":24},"end":{"line":165,"column":45}}},"34":{"name":"isChanged","line":176,"loc":{"start":{"line":176,"column":13},"end":{"line":176,"column":34}}},"35":{"name":"getPristineValues","line":180,"loc":{"start":{"line":180,"column":21},"end":{"line":180,"column":50}}},"36":{"name":"(anonymous_36)","line":181,"loc":{"start":{"line":181,"column":30},"end":{"line":181,"column":57}}},"37":{"name":"updateInputsWithError","line":191,"loc":{"start":{"line":191,"column":25},"end":{"line":191,"column":64}}},"38":{"name":"(anonymous_38)","line":194,"loc":{"start":{"line":194,"column":32},"end":{"line":194,"column":55}}},"39":{"name":"(anonymous_39)","line":195,"loc":{"start":{"line":195,"column":48},"end":{"line":195,"column":69}}},"40":{"name":"isFormDisabled","line":209,"loc":{"start":{"line":209,"column":18},"end":{"line":209,"column":44}}},"41":{"name":"getCurrentValues","line":213,"loc":{"start":{"line":213,"column":20},"end":{"line":213,"column":48}}},"42":{"name":"(anonymous_42)","line":214,"loc":{"start":{"line":214,"column":30},"end":{"line":214,"column":57}}},"43":{"name":"setFormPristine","line":221,"loc":{"start":{"line":221,"column":19},"end":{"line":221,"column":56}}},"44":{"name":"(anonymous_44)","line":228,"loc":{"start":{"line":228,"column":24},"end":{"line":228,"column":52}}},"45":{"name":"validate","line":239,"loc":{"start":{"line":239,"column":12},"end":{"line":239,"column":41}}},"46":{"name":"runValidation","line":258,"loc":{"start":{"line":258,"column":17},"end":{"line":258,"column":58}}},"47":{"name":"(anonymous_47)","line":279,"loc":{"start":{"line":279,"column":13},"end":{"line":279,"column":25}}},"48":{"name":"(anonymous_48)","line":299,"loc":{"start":{"line":299,"column":46},"end":{"line":299,"column":64}}},"49":{"name":"(anonymous_49)","line":301,"loc":{"start":{"line":301,"column":20},"end":{"line":301,"column":43}}},"50":{"name":"runRules","line":310,"loc":{"start":{"line":310,"column":12},"end":{"line":310,"column":65}}},"51":{"name":"(anonymous_51)","line":318,"loc":{"start":{"line":318,"column":39},"end":{"line":318,"column":67}}},"52":{"name":"validateForm","line":359,"loc":{"start":{"line":359,"column":16},"end":{"line":359,"column":40}}},"53":{"name":"(anonymous_53)","line":364,"loc":{"start":{"line":364,"column":31},"end":{"line":364,"column":43}}},"54":{"name":"(anonymous_54)","line":365,"loc":{"start":{"line":365,"column":41},"end":{"line":365,"column":62}}},"55":{"name":"(anonymous_55)","line":387,"loc":{"start":{"line":387,"column":24},"end":{"line":387,"column":52}}},"56":{"name":"attachToForm","line":411,"loc":{"start":{"line":411,"column":16},"end":{"line":411,"column":49}}},"57":{"name":"detachFromForm","line":422,"loc":{"start":{"line":422,"column":18},"end":{"line":422,"column":53}}},"58":{"name":"render","line":431,"loc":{"start":{"line":431,"column":10},"end":{"line":431,"column":28}}}},"statementMap":{"1":{"start":{"line":3,"column":0},"end":{"line":3,"column":257}},"2":{"start":{"line":3,"column":52},"end":{"line":3,"column":239}},"3":{"start":{"line":3,"column":97},"end":{"line":3,"column":123}},"4":{"start":{"line":3,"column":124},"end":{"line":3,"column":237}},"5":{"start":{"line":3,"column":150},"end":{"line":3,"column":235}},"6":{"start":{"line":3,"column":207},"end":{"line":3,"column":233}},"7":{"start":{"line":3,"column":240},"end":{"line":3,"column":254}},"8":{"start":{"line":5,"column":0},"end":{"line":5,"column":269}},"9":{"start":{"line":5,"column":101},"end":{"line":5,"column":119}},"10":{"start":{"line":5,"column":141},"end":{"line":5,"column":266}},"11":{"start":{"line":7,"column":0},"end":{"line":7,"column":220}},"12":{"start":{"line":7,"column":47},"end":{"line":7,"column":63}},"13":{"start":{"line":7,"column":64},"end":{"line":7,"column":203}},"14":{"start":{"line":7,"column":85},"end":{"line":7,"column":120}},"15":{"start":{"line":7,"column":111},"end":{"line":7,"column":120}},"16":{"start":{"line":7,"column":121},"end":{"line":7,"column":181}},"17":{"start":{"line":7,"column":172},"end":{"line":7,"column":181}},"18":{"start":{"line":7,"column":182},"end":{"line":7,"column":201}},"19":{"start":{"line":7,"column":204},"end":{"line":7,"column":218}},"20":{"start":{"line":9,"column":0},"end":{"line":9,"column":45}},"21":{"start":{"line":10,"column":0},"end":{"line":10,"column":16}},"22":{"start":{"line":11,"column":0},"end":{"line":11,"column":54}},"23":{"start":{"line":12,"column":0},"end":{"line":12,"column":54}},"24":{"start":{"line":13,"column":0},"end":{"line":13,"column":34}},"25":{"start":{"line":14,"column":0},"end":{"line":14,"column":34}},"26":{"start":{"line":15,"column":0},"end":{"line":15,"column":30}},"27":{"start":{"line":16,"column":0},"end":{"line":16,"column":42}},"28":{"start":{"line":17,"column":0},"end":{"line":17,"column":17}},"29":{"start":{"line":18,"column":0},"end":{"line":18,"column":20}},"30":{"start":{"line":20,"column":0},"end":{"line":20,"column":21}},"31":{"start":{"line":21,"column":0},"end":{"line":21,"column":17}},"32":{"start":{"line":22,"column":0},"end":{"line":22,"column":29}},"33":{"start":{"line":24,"column":0},"end":{"line":26,"column":2}},"34":{"start":{"line":25,"column":2},"end":{"line":25,"column":26}},"35":{"start":{"line":28,"column":0},"end":{"line":30,"column":2}},"36":{"start":{"line":29,"column":2},"end":{"line":29,"column":31}},"37":{"start":{"line":32,"column":0},"end":{"line":453,"column":3}},"38":{"start":{"line":35,"column":4},"end":{"line":39,"column":6}},"39":{"start":{"line":42,"column":4},"end":{"line":53,"column":6}},"40":{"start":{"line":60,"column":4},"end":{"line":60,"column":21}},"41":{"start":{"line":62,"column":4},"end":{"line":72,"column":6}},"42":{"start":{"line":69,"column":10},"end":{"line":69,"column":63}},"43":{"start":{"line":78,"column":4},"end":{"line":78,"column":21}},"44":{"start":{"line":82,"column":4},"end":{"line":82,"column":24}},"45":{"start":{"line":88,"column":4},"end":{"line":90,"column":7}},"46":{"start":{"line":89,"column":6},"end":{"line":89,"column":34}},"47":{"start":{"line":95,"column":4},"end":{"line":97,"column":5}},"48":{"start":{"line":96,"column":6},"end":{"line":96,"column":65}},"49":{"start":{"line":99,"column":4},"end":{"line":101,"column":7}},"50":{"start":{"line":100,"column":6},"end":{"line":100,"column":34}},"51":{"start":{"line":102,"column":4},"end":{"line":104,"column":5}},"52":{"start":{"line":103,"column":6},"end":{"line":103,"column":26}},"53":{"start":{"line":109,"column":4},"end":{"line":109,"column":31}},"54":{"start":{"line":110,"column":4},"end":{"line":110,"column":26}},"55":{"start":{"line":116,"column":4},"end":{"line":116,"column":36}},"56":{"start":{"line":121,"column":4},"end":{"line":121,"column":32}},"57":{"start":{"line":122,"column":4},"end":{"line":122,"column":32}},"58":{"start":{"line":123,"column":4},"end":{"line":123,"column":76}},"59":{"start":{"line":124,"column":4},"end":{"line":124,"column":183}},"60":{"start":{"line":129,"column":4},"end":{"line":143,"column":5}},"61":{"start":{"line":130,"column":6},"end":{"line":130,"column":39}},"62":{"start":{"line":132,"column":6},"end":{"line":142,"column":14}},"63":{"start":{"line":134,"column":8},"end":{"line":134,"column":38}},"64":{"start":{"line":135,"column":8},"end":{"line":135,"column":31}},"65":{"start":{"line":136,"column":8},"end":{"line":139,"column":9}},"66":{"start":{"line":137,"column":10},"end":{"line":137,"column":44}},"67":{"start":{"line":138,"column":10},"end":{"line":138,"column":90}},"68":{"start":{"line":141,"column":8},"end":{"line":141,"column":27}},"69":{"start":{"line":147,"column":4},"end":{"line":147,"column":48}},"70":{"start":{"line":148,"column":4},"end":{"line":148,"column":40}},"71":{"start":{"line":153,"column":4},"end":{"line":160,"column":7}},"72":{"start":{"line":154,"column":6},"end":{"line":154,"column":38}},"73":{"start":{"line":155,"column":6},"end":{"line":159,"column":7}},"74":{"start":{"line":156,"column":8},"end":{"line":156,"column":39}},"75":{"start":{"line":158,"column":8},"end":{"line":158,"column":31}},"76":{"start":{"line":161,"column":4},"end":{"line":161,"column":24}},"77":{"start":{"line":165,"column":4},"end":{"line":172,"column":7}},"78":{"start":{"line":166,"column":6},"end":{"line":166,"column":38}},"79":{"start":{"line":167,"column":6},"end":{"line":170,"column":9}},"80":{"start":{"line":171,"column":6},"end":{"line":171,"column":48}},"81":{"start":{"line":177,"column":4},"end":{"line":177,"column":76}},"82":{"start":{"line":181,"column":4},"end":{"line":185,"column":11}},"83":{"start":{"line":182,"column":6},"end":{"line":182,"column":38}},"84":{"start":{"line":183,"column":6},"end":{"line":183,"column":41}},"85":{"start":{"line":184,"column":6},"end":{"line":184,"column":18}},"86":{"start":{"line":192,"column":4},"end":{"line":192,"column":22}},"87":{"start":{"line":194,"column":4},"end":{"line":206,"column":7}},"88":{"start":{"line":195,"column":6},"end":{"line":197,"column":9}},"89":{"start":{"line":196,"column":8},"end":{"line":196,"column":45}},"90":{"start":{"line":198,"column":6},"end":{"line":200,"column":7}},"91":{"start":{"line":199,"column":8},"end":{"line":199,"column":152}},"92":{"start":{"line":201,"column":6},"end":{"line":204,"column":9}},"93":{"start":{"line":205,"column":6},"end":{"line":205,"column":48}},"94":{"start":{"line":210,"column":4},"end":{"line":210,"column":31}},"95":{"start":{"line":214,"column":4},"end":{"line":218,"column":11}},"96":{"start":{"line":215,"column":6},"end":{"line":215,"column":38}},"97":{"start":{"line":216,"column":6},"end":{"line":216,"column":42}},"98":{"start":{"line":217,"column":6},"end":{"line":217,"column":18}},"99":{"start":{"line":222,"column":4},"end":{"line":224,"column":7}},"100":{"start":{"line":228,"column":4},"end":{"line":233,"column":7}},"101":{"start":{"line":229,"column":6},"end":{"line":232,"column":9}},"102":{"start":{"line":242,"column":4},"end":{"line":244,"column":5}},"103":{"start":{"line":243,"column":6},"end":{"line":243,"column":69}},"104":{"start":{"line":246,"column":4},"end":{"line":246,"column":51}},"105":{"start":{"line":249,"column":4},"end":{"line":254,"column":26}},"106":{"start":{"line":260,"column":4},"end":{"line":260,"column":48}},"107":{"start":{"line":261,"column":4},"end":{"line":261,"column":60}},"108":{"start":{"line":262,"column":4},"end":{"line":262,"column":58}},"109":{"start":{"line":263,"column":4},"end":{"line":263,"column":68}},"110":{"start":{"line":265,"column":4},"end":{"line":265,"column":88}},"111":{"start":{"line":266,"column":4},"end":{"line":266,"column":94}},"112":{"start":{"line":269,"column":4},"end":{"line":271,"column":5}},"113":{"start":{"line":270,"column":6},"end":{"line":270,"column":72}},"114":{"start":{"line":273,"column":4},"end":{"line":273,"column":115}},"115":{"start":{"line":274,"column":4},"end":{"line":274,"column":138}},"116":{"start":{"line":276,"column":4},"end":{"line":307,"column":6}},"117":{"start":{"line":281,"column":8},"end":{"line":283,"column":9}},"118":{"start":{"line":282,"column":10},"end":{"line":282,"column":28}},"119":{"start":{"line":285,"column":8},"end":{"line":287,"column":9}},"120":{"start":{"line":286,"column":10},"end":{"line":286,"column":42}},"121":{"start":{"line":289,"column":8},"end":{"line":291,"column":9}},"122":{"start":{"line":290,"column":10},"end":{"line":290,"column":193}},"123":{"start":{"line":293,"column":8},"end":{"line":296,"column":9}},"124":{"start":{"line":294,"column":10},"end":{"line":294,"column":67}},"125":{"start":{"line":295,"column":10},"end":{"line":295,"column":40}},"126":{"start":{"line":298,"column":8},"end":{"line":305,"column":9}},"127":{"start":{"line":299,"column":10},"end":{"line":304,"column":13}},"128":{"start":{"line":300,"column":12},"end":{"line":300,"column":89}},"129":{"start":{"line":303,"column":12},"end":{"line":303,"column":42}},"130":{"start":{"line":312,"column":4},"end":{"line":316,"column":6}},"131":{"start":{"line":317,"column":4},"end":{"line":352,"column":5}},"132":{"start":{"line":318,"column":6},"end":{"line":351,"column":9}},"133":{"start":{"line":320,"column":8},"end":{"line":322,"column":9}},"134":{"start":{"line":321,"column":10},"end":{"line":321,"column":108}},"135":{"start":{"line":324,"column":8},"end":{"line":326,"column":9}},"136":{"start":{"line":325,"column":10},"end":{"line":325,"column":91}},"137":{"start":{"line":328,"column":8},"end":{"line":348,"column":9}},"138":{"start":{"line":329,"column":10},"end":{"line":329,"column":79}},"139":{"start":{"line":330,"column":10},"end":{"line":335,"column":11}},"140":{"start":{"line":331,"column":12},"end":{"line":331,"column":44}},"141":{"start":{"line":332,"column":12},"end":{"line":332,"column":50}},"142":{"start":{"line":333,"column":17},"end":{"line":335,"column":11}},"143":{"start":{"line":334,"column":12},"end":{"line":334,"column":50}},"144":{"start":{"line":336,"column":10},"end":{"line":336,"column":17}},"145":{"start":{"line":337,"column":15},"end":{"line":348,"column":9}},"146":{"start":{"line":338,"column":10},"end":{"line":338,"column":114}},"147":{"start":{"line":339,"column":10},"end":{"line":346,"column":11}},"148":{"start":{"line":340,"column":12},"end":{"line":340,"column":44}},"149":{"start":{"line":341,"column":12},"end":{"line":341,"column":50}},"150":{"start":{"line":342,"column":17},"end":{"line":346,"column":11}},"151":{"start":{"line":343,"column":12},"end":{"line":343,"column":50}},"152":{"start":{"line":345,"column":12},"end":{"line":345,"column":51}},"153":{"start":{"line":347,"column":10},"end":{"line":347,"column":17}},"154":{"start":{"line":350,"column":8},"end":{"line":350,"column":54}},"155":{"start":{"line":354,"column":4},"end":{"line":354,"column":19}},"156":{"start":{"line":360,"column":4},"end":{"line":360,"column":22}},"157":{"start":{"line":364,"column":4},"end":{"line":383,"column":17}},"158":{"start":{"line":365,"column":6},"end":{"line":367,"column":9}},"159":{"start":{"line":366,"column":8},"end":{"line":366,"column":40}},"160":{"start":{"line":369,"column":6},"end":{"line":371,"column":9}},"161":{"start":{"line":373,"column":6},"end":{"line":377,"column":7}},"162":{"start":{"line":374,"column":8},"end":{"line":374,"column":29}},"163":{"start":{"line":376,"column":8},"end":{"line":376,"column":31}},"164":{"start":{"line":380,"column":6},"end":{"line":382,"column":9}},"165":{"start":{"line":387,"column":4},"end":{"line":398,"column":7}},"166":{"start":{"line":388,"column":6},"end":{"line":388,"column":55}},"167":{"start":{"line":389,"column":6},"end":{"line":391,"column":7}},"168":{"start":{"line":390,"column":8},"end":{"line":390,"column":35}},"169":{"start":{"line":392,"column":6},"end":{"line":397,"column":75}},"170":{"start":{"line":402,"column":4},"end":{"line":406,"column":5}},"171":{"start":{"line":403,"column":6},"end":{"line":405,"column":9}},"172":{"start":{"line":413,"column":4},"end":{"line":415,"column":5}},"173":{"start":{"line":414,"column":6},"end":{"line":414,"column":34}},"174":{"start":{"line":417,"column":4},"end":{"line":417,"column":29}},"175":{"start":{"line":423,"column":4},"end":{"line":423,"column":54}},"176":{"start":{"line":425,"column":4},"end":{"line":427,"column":5}},"177":{"start":{"line":426,"column":6},"end":{"line":426,"column":99}},"178":{"start":{"line":429,"column":4},"end":{"line":429,"column":24}},"179":{"start":{"line":432,"column":4},"end":{"line":445,"column":239}},"180":{"start":{"line":447,"column":4},"end":{"line":451,"column":6}},"181":{"start":{"line":455,"column":0},"end":{"line":457,"column":1}},"182":{"start":{"line":456,"column":2},"end":{"line":456,"column":25}},"183":{"start":{"line":459,"column":0},"end":{"line":459,"column":24}}},"branchMap":{"1":{"line":3,"type":"binary-expr","locations":[{"start":{"line":3,"column":15},"end":{"line":3,"column":28}},{"start":{"line":3,"column":32},"end":{"line":3,"column":256}}]},"2":{"line":3,"type":"if","locations":[{"start":{"line":3,"column":150},"end":{"line":3,"column":150}},{"start":{"line":3,"column":150},"end":{"line":3,"column":150}}]},"3":{"line":5,"type":"cond-expr","locations":[{"start":{"line":5,"column":84},"end":{"line":5,"column":121}},{"start":{"line":5,"column":124},"end":{"line":5,"column":268}}]},"4":{"line":5,"type":"binary-expr","locations":[{"start":{"line":5,"column":14},"end":{"line":5,"column":42}},{"start":{"line":5,"column":46},"end":{"line":5,"column":81}}]},"5":{"line":5,"type":"cond-expr","locations":[{"start":{"line":5,"column":244},"end":{"line":5,"column":252}},{"start":{"line":5,"column":255},"end":{"line":5,"column":265}}]},"6":{"line":5,"type":"binary-expr","locations":[{"start":{"line":5,"column":148},"end":{"line":5,"column":151}},{"start":{"line":5,"column":155},"end":{"line":5,"column":183}},{"start":{"line":5,"column":187},"end":{"line":5,"column":213}},{"start":{"line":5,"column":217},"end":{"line":5,"column":241}}]},"7":{"line":7,"type":"if","locations":[{"start":{"line":7,"column":85},"end":{"line":7,"column":85}},{"start":{"line":7,"column":85},"end":{"line":7,"column":85}}]},"8":{"line":7,"type":"if","locations":[{"start":{"line":7,"column":121},"end":{"line":7,"column":121}},{"start":{"line":7,"column":121},"end":{"line":7,"column":121}}]},"9":{"line":9,"type":"binary-expr","locations":[{"start":{"line":9,"column":12},"end":{"line":9,"column":24}},{"start":{"line":9,"column":28},"end":{"line":9,"column":44}}]},"10":{"line":95,"type":"if","locations":[{"start":{"line":95,"column":4},"end":{"line":95,"column":4}},{"start":{"line":95,"column":4},"end":{"line":95,"column":4}}]},"11":{"line":95,"type":"binary-expr","locations":[{"start":{"line":95,"column":8},"end":{"line":95,"column":35}},{"start":{"line":95,"column":39},"end":{"line":95,"column":88}},{"start":{"line":95,"column":92},"end":{"line":95,"column":143}}]},"12":{"line":102,"type":"if","locations":[{"start":{"line":102,"column":4},"end":{"line":102,"column":4}},{"start":{"line":102,"column":4},"end":{"line":102,"column":4}}]},"13":{"line":116,"type":"binary-expr","locations":[{"start":{"line":116,"column":4},"end":{"line":116,"column":9}},{"start":{"line":116,"column":13},"end":{"line":116,"column":35}}]},"14":{"line":124,"type":"cond-expr","locations":[{"start":{"line":124,"column":25},"end":{"line":124,"column":101}},{"start":{"line":124,"column":104},"end":{"line":124,"column":182}}]},"15":{"line":129,"type":"if","locations":[{"start":{"line":129,"column":4},"end":{"line":129,"column":4}},{"start":{"line":129,"column":4},"end":{"line":129,"column":4}}]},"16":{"line":138,"type":"cond-expr","locations":[{"start":{"line":138,"column":54},"end":{"line":138,"column":76}},{"start":{"line":138,"column":79},"end":{"line":138,"column":89}}]},"17":{"line":138,"type":"binary-expr","locations":[{"start":{"line":138,"column":54},"end":{"line":138,"column":70}},{"start":{"line":138,"column":74},"end":{"line":138,"column":76}}]},"18":{"line":155,"type":"if","locations":[{"start":{"line":155,"column":6},"end":{"line":155,"column":6}},{"start":{"line":155,"column":6},"end":{"line":155,"column":6}}]},"19":{"line":155,"type":"binary-expr","locations":[{"start":{"line":155,"column":10},"end":{"line":155,"column":14}},{"start":{"line":155,"column":18},"end":{"line":155,"column":43}}]},"20":{"line":169,"type":"cond-expr","locations":[{"start":{"line":169,"column":61},"end":{"line":169,"column":75}},{"start":{"line":169,"column":78},"end":{"line":169,"column":90}}]},"21":{"line":198,"type":"if","locations":[{"start":{"line":198,"column":6},"end":{"line":198,"column":6}},{"start":{"line":198,"column":6},"end":{"line":198,"column":6}}]},"22":{"line":202,"type":"binary-expr","locations":[{"start":{"line":202,"column":18},"end":{"line":202,"column":58}},{"start":{"line":202,"column":62},"end":{"line":202,"column":67}}]},"23":{"line":203,"type":"cond-expr","locations":[{"start":{"line":203,"column":59},"end":{"line":203,"column":73}},{"start":{"line":203,"column":76},"end":{"line":203,"column":88}}]},"24":{"line":242,"type":"if","locations":[{"start":{"line":242,"column":4},"end":{"line":242,"column":4}},{"start":{"line":242,"column":4},"end":{"line":242,"column":4}}]},"25":{"line":263,"type":"cond-expr","locations":[{"start":{"line":263,"column":37},"end":{"line":263,"column":42}},{"start":{"line":263,"column":45},"end":{"line":263,"column":67}}]},"26":{"line":269,"type":"if","locations":[{"start":{"line":269,"column":4},"end":{"line":269,"column":4}},{"start":{"line":269,"column":4},"end":{"line":269,"column":4}}]},"27":{"line":270,"type":"cond-expr","locations":[{"start":{"line":270,"column":56},"end":{"line":270,"column":58}},{"start":{"line":270,"column":61},"end":{"line":270,"column":71}}]},"28":{"line":273,"type":"cond-expr","locations":[{"start":{"line":273,"column":74},"end":{"line":273,"column":106}},{"start":{"line":273,"column":109},"end":{"line":273,"column":114}}]},"29":{"line":274,"type":"binary-expr","locations":[{"start":{"line":274,"column":18},"end":{"line":274,"column":50}},{"start":{"line":274,"column":54},"end":{"line":274,"column":137}}]},"30":{"line":274,"type":"binary-expr","locations":[{"start":{"line":274,"column":56},"end":{"line":274,"column":83}},{"start":{"line":274,"column":87},"end":{"line":274,"column":136}}]},"31":{"line":278,"type":"cond-expr","locations":[{"start":{"line":278,"column":28},"end":{"line":278,"column":33}},{"start":{"line":278,"column":36},"end":{"line":278,"column":43}}]},"32":{"line":281,"type":"if","locations":[{"start":{"line":281,"column":8},"end":{"line":281,"column":8}},{"start":{"line":281,"column":8},"end":{"line":281,"column":8}}]},"33":{"line":281,"type":"binary-expr","locations":[{"start":{"line":281,"column":12},"end":{"line":281,"column":19}},{"start":{"line":281,"column":23},"end":{"line":281,"column":34}}]},"34":{"line":285,"type":"if","locations":[{"start":{"line":285,"column":8},"end":{"line":285,"column":8}},{"start":{"line":285,"column":8},"end":{"line":285,"column":8}}]},"35":{"line":289,"type":"if","locations":[{"start":{"line":289,"column":8},"end":{"line":289,"column":8}},{"start":{"line":289,"column":8},"end":{"line":289,"column":8}}]},"36":{"line":289,"type":"binary-expr","locations":[{"start":{"line":289,"column":12},"end":{"line":289,"column":39}},{"start":{"line":289,"column":43},"end":{"line":289,"column":92}}]},"37":{"line":290,"type":"cond-expr","locations":[{"start":{"line":290,"column":89},"end":{"line":290,"column":140}},{"start":{"line":290,"column":143},"end":{"line":290,"column":192}}]},"38":{"line":293,"type":"if","locations":[{"start":{"line":293,"column":8},"end":{"line":293,"column":8}},{"start":{"line":293,"column":8},"end":{"line":293,"column":8}}]},"39":{"line":295,"type":"cond-expr","locations":[{"start":{"line":295,"column":25},"end":{"line":295,"column":32}},{"start":{"line":295,"column":35},"end":{"line":295,"column":39}}]},"40":{"line":298,"type":"if","locations":[{"start":{"line":298,"column":8},"end":{"line":298,"column":8}},{"start":{"line":298,"column":8},"end":{"line":298,"column":8}}]},"41":{"line":300,"type":"cond-expr","locations":[{"start":{"line":300,"column":46},"end":{"line":300,"column":70}},{"start":{"line":300,"column":73},"end":{"line":300,"column":88}}]},"42":{"line":317,"type":"if","locations":[{"start":{"line":317,"column":4},"end":{"line":317,"column":4}},{"start":{"line":317,"column":4},"end":{"line":317,"column":4}}]},"43":{"line":320,"type":"if","locations":[{"start":{"line":320,"column":8},"end":{"line":320,"column":8}},{"start":{"line":320,"column":8},"end":{"line":320,"column":8}}]},"44":{"line":320,"type":"binary-expr","locations":[{"start":{"line":320,"column":12},"end":{"line":320,"c
[...]
17)","line":139,"loc":{"start":{"line":139,"column":12},"end":{"line":139,"column":24}}},"18":{"name":"(anonymous_18)","line":142,"loc":{"start":{"line":142,"column":19},"end":{"line":142,"column":31}}},"19":{"name":"(anonymous_19)","line":146,"loc":{"start":{"line":146,"column":20},"end":{"line":146,"column":32}}},"20":{"name":"(anonymous_20)","line":149,"loc":{"start":{"line":149,"column":18},"end":{"line":149,"column":30}}},"21":{"name":"(anonymous_21)","line":153,"loc":{"start":{"line":153,"column":11},"end":{"line":153,"column":23}}},"22":{"name":"(anonymous_22)","line":156,"loc":{"start":{"line":156,"column":14},"end":{"line":156,"column":26}}},"23":{"name":"(anonymous_23)","line":159,"loc":{"start":{"line":159,"column":19},"end":{"line":159,"column":31}}},"24":{"name":"(anonymous_24)","line":162,"loc":{"start":{"line":162,"column":14},"end":{"line":162,"column":26}}},"25":{"name":"(anonymous_25)","line":165,"loc":{"start":{"line":165,"column":16},"end":{"line":165,"column":28}}},"26":{"name":"(anonymous_26)","line":168,"loc":{"start":{"line":168,"column":13},"end":{"line":168,"column":25}}},"27":{"name":"(anonymous_27)","line":171,"loc":{"start":{"line":171,"column":16},"end":{"line":171,"column":33}}}},"statementMap":{"1":{"start":{"line":1,"column":0},"end":{"line":1,"column":34}},"2":{"start":{"line":2,"column":0},"end":{"line":2,"column":45}},"3":{"start":{"line":4,"column":0},"end":{"line":31,"column":2}},"4":{"start":{"line":6,"column":2},"end":{"line":28,"column":3}},"5":{"start":{"line":8,"column":4},"end":{"line":26,"column":11}},"6":{"start":{"line":9,"column":6},"end":{"line":9,"column":39}},"7":{"start":{"line":10,"column":6},"end":{"line":10,"column":40}},"8":{"start":{"line":12,"column":6},"end":{"line":18,"column":9}},"9":{"start":{"line":13,"column":8},"end":{"line":17,"column":9}},"10":{"start":{"line":14,"column":10},"end":{"line":14,"column":33}},"11":{"start":{"line":16,"column":10},"end":{"line":16,"column":21}},"12":{"start":{"line":20,"column":6},"end":{"line":22,"column":7}},"13":{"start":{"line":21,"column":8},"end":{"line":21,"column":130}},"14":{"start":{"line":24,"column":6},"end":{"line":24,"column":65}},"15":{"start":{"line":25,"column":6},"end":{"line":25,"column":25}},"16":{"start":{"line":30,"column":2},"end":{"line":30,"column":27}},"17":{"start":{"line":33,"column":0},"end":{"line":175,"column":2}},"18":{"start":{"line":35,"column":4},"end":{"line":44,"column":6}},"19":{"start":{"line":50,"column":4},"end":{"line":53,"column":6}},"20":{"start":{"line":57,"column":4},"end":{"line":63,"column":17}},"21":{"start":{"line":58,"column":6},"end":{"line":58,"column":71}},"22":{"start":{"line":61,"column":6},"end":{"line":61,"column":45}},"23":{"start":{"line":65,"column":4},"end":{"line":67,"column":5}},"24":{"start":{"line":66,"column":6},"end":{"line":66,"column":71}},"25":{"start":{"line":80,"column":4},"end":{"line":80,"column":16}},"26":{"start":{"line":85,"column":4},"end":{"line":85,"column":67}},"27":{"start":{"line":93,"column":4},"end":{"line":95,"column":5}},"28":{"start":{"line":94,"column":6},"end":{"line":94,"column":38}},"29":{"start":{"line":98,"column":4},"end":{"line":100,"column":5}},"30":{"start":{"line":99,"column":6},"end":{"line":99,"column":41}},"31":{"start":{"line":105,"column":4},"end":{"line":105,"column":45}},"32":{"start":{"line":112,"column":4},"end":{"line":112,"column":70}},"33":{"start":{"line":113,"column":4},"end":{"line":113,"column":122}},"34":{"start":{"line":119,"column":4},"end":{"line":125,"column":18}},"35":{"start":{"line":123,"column":6},"end":{"line":123,"column":41}},"36":{"start":{"line":128,"column":4},"end":{"line":134,"column":7}},"37":{"start":{"line":132,"column":6},"end":{"line":132,"column":41}},"38":{"start":{"line":137,"column":4},"end":{"line":137,"column":29}},"39":{"start":{"line":140,"column":4},"end":{"line":140,"column":36}},"40":{"start":{"line":143,"column":4},"end":{"line":143,"column":43}},"41":{"start":{"line":144,"column":4},"end":{"line":144,"column":48}},"42":{"start":{"line":147,"column":4},"end":{"line":147,"column":122}},"43":{"start":{"line":150,"column":4},"end":{"line":150,"column":48}},"44":{"start":{"line":154,"column":4},"end":{"line":154,"column":31}},"45":{"start":{"line":157,"column":4},"end":{"line":157,"column":34}},"46":{"start":{"line":160,"column":4},"end":{"line":160,"column":37}},"47":{"start":{"line":163,"column":4},"end":{"line":163,"column":33}},"48":{"start":{"line":166,"column":4},"end":{"line":166,"column":34}},"49":{"start":{"line":169,"column":4},"end":{"line":169,"column":51}},"50":{"start":{"line":172,"column":4},"end":{"line":172,"column":68}}},"branchMap":{"1":{"line":2,"type":"binary-expr","locations":[{"start":{"line":2,"column":12},"end":{"line":2,"column":24}},{"start":{"line":2,"column":28},"end":{"line":2,"column":44}}]},"2":{"line":6,"type":"if","locations":[{"start":{"line":6,"column":2},"end":{"line":6,"column":2}},{"start":{"line":6,"column":2},"end":{"line":6,"column":2}}]},"3":{"line":20,"type":"if","locations":[{"start":{"line":20,"column":6},"end":{"line":20,"column":6}},{"start":{"line":20,"column":6},"end":{"line":20,"column":6}}]},"4":{"line":24,"type":"cond-expr","locations":[{"start":{"line":24,"column":50},"end":{"line":24,"column":57}},{"start":{"line":24,"column":60},"end":{"line":24,"column":64}}]},"5":{"line":30,"type":"binary-expr","locations":[{"start":{"line":30,"column":9},"end":{"line":30,"column":20}},{"start":{"line":30,"column":24},"end":{"line":30,"column":26}}]},"6":{"line":65,"type":"if","locations":[{"start":{"line":65,"column":4},"end":{"line":65,"column":4}},{"start":{"line":65,"column":4},"end":{"line":65,"column":4}}]},"7":{"line":93,"type":"if","locations":[{"start":{"line":93,"column":4},"end":{"line":93,"column":4}},{"start":{"line":93,"column":4},"end":{"line":93,"column":4}}]},"8":{"line":98,"type":"if","locations":[{"start":{"line":98,"column":4},"end":{"line":98,"column":4}},{"start":{"line":98,"column":4},"end":{"line":98,"column":4}}]},"9":{"line":98,"type":"binary-expr","locations":[{"start":{"line":98,"column":8},"end":{"line":98,"column":68}},{"start":{"line":98,"column":72},"end":{"line":98,"column":126}}]},"10":{"line":112,"type":"binary-expr","locations":[{"start":{"line":112,"column":24},"end":{"line":112,"column":63}},{"start":{"line":112,"column":67},"end":{"line":112,"column":69}}]},"11":{"line":113,"type":"cond-expr","locations":[{"start":{"line":113,"column":52},"end":{"line":113,"column":82}},{"start":{"line":113,"column":85},"end":{"line":113,"column":121}}]},"12":{"line":144,"type":"cond-expr","locations":[{"start":{"line":144,"column":29},"end":{"line":144,"column":40}},{"start":{"line":144,"column":43},"end":{"line":144,"column":47}}]},"13":{"line":147,"type":"cond-expr","locations":[{"start":{"line":147,"column":53},"end":{"line":147,"column":115}},{"start":{"line":147,"column":119},"end":{"line":147,"column":121}}]},"14":{"line":147,"type":"binary-expr","locations":[{"start":{"line":147,"column":11},"end":{"line":147,"column":26}},{"start":{"line":147,"column":30},"end":{"line":147,"column":49}}]},"15":{"line":147,"type":"binary-expr","locations":[{"start":{"line":147,"column":53},"end":{"line":147,"column":78}},{"start":{"line":147,"column":82},"end":{"line":147,"column":109}},{"start":{"line":147,"column":113},"end":{"line":147,"column":115}}]},"16":{"line":169,"type":"binary-expr","locations":[{"start":{"line":169,"column":11},"end":{"line":169,"column":31}},{"start":{"line":169,"column":35},"end":{"line":169,"column":50}}]}},"code":["var utils = require('./utils.js');","var React = global.React || require('react');","","var convertValidationsToObject = function (validations) {","","  if (typeof validations === 'string') {","","    return validations.split(/\\,(?![^{\\[]*[}\\]])/g).reduce(function (validations, validation) {","      var args = validation.split(':');","      var validateMethod = args.shift();","","      args = args.map(function (arg) {","        try {","          return JSON.parse(arg);","        } catch (e) {","          return arg; // It is a string if it can not parse it","        }","      });","","      if (args.length > 1) {","        throw new Error('Formsy does not support multiple args on string validations. Use object format of validations instead.');","      }","","      validations[validateMethod] = args.length ? args[0] : true;","      return validations;","    }, {});","","  }","","  return validations || {};","};","","module.exports = {","  getInitialState: function () {","    return {","      _value: this.props.value,","      _isRequired: false,","      _isValid: true,","      _isPristine: true,","      _pristineValue: this.props.value,","      _validationError: [],","      _externalError: null,","      _formSubmitted: false","    };","  },","  contextTypes: {","    formsy: React.PropTypes.object // What about required?","  },","  getDefaultProps: function () {","    return {","      validationError: '',","      validationErrors: {}","    };","  },","","  componentWillMount: function () {","    var configure = function () {","      this.setValidations(this.props.validations, this.props.required);","","      // Pass a function instead?","      this.context.formsy.attachToForm(this);","      //this.props._attachToForm(this);","    }.bind(this);","","    if (!this.props.name) {","      throw new Error('Form Input requires a name property when used');","    }","","    /*","    if (!this.props._attachToForm) {","      return setTimeout(function () {","        if (!this.isMounted()) return;","        if (!this.props._attachToForm) {","          throw new Error('Form Mixin requires component to be nested in a Form');","        }","        configure();","      }.bind(this), 0);","    }","    */","    configure();","  },","","  // We have to make the validate method is kept when new props are added","  componentWillReceiveProps: function (nextProps) {","    this.setValidations(nextProps.validations, nextProps.required);","","  },","","  componentDidUpdate: function (prevProps) {","","    // If the value passed has changed, set it. If value is not passed it will","    // internally update, and this will never run","    if (!utils.isSame(this.props.value, prevProps.value)) {","      this.setValue(this.props.value);","    }","","    // If validations or required is changed, run a new validation","    if (!utils.isSame(this.props.validations, prevProps.validations) || !utils.isSame(this.props.required, prevProps.required)) {","      this.context.formsy.validate(this);","    }","  },","","  // Detach it when component unmounts","  componentWillUnmount: function () {","    this.context.formsy.detachFromForm(this);","    //this.props._detachFromForm(this);","  },","","  setValidations: function (validations, required) {","","    // Add validations to the store itself as the props object can not be modified","    this._validations = convertValidationsToObject(validations) || {};","    this._requiredValidations = required === true ? {isDefaultRequiredValue: true} : convertValidationsToObject(required);","","  },","","  // We validate after the value has been set","  setValue: function (value) {","    this.setState({","      _value: value,","      _isPristine: false","    }, function () {","      this.context.formsy.validate(this);","      //this.props._validate(this);","    }.bind(this));","  },","  resetValue: function () {","    this.setState({","      _value: this.state._pristineValue,","      _isPristine: true","    }, function () {","      this.context.formsy.validate(this);","      //this.props._validate(this);","    });","  },","  getValue: function () {","    return this.state._value;","  },","  hasValue: function () {","    return this.state._value !== '';","  },","  getErrorMessage: function () {","    var messages = this.getErrorMessages();","    return messages.length ? messages[0] : null;","  },","  getErrorMessages: function () {","    return !this.isValid() || this.showRequired() ? (this.state._externalError || this.state._validationError || []) : [];","  },","  isFormDisabled: function () {","    return this.context.formsy.isFormDisabled();","    //return this.props._isFormDisabled();","  },","  isValid: function () {","    return this.state._isValid;","  },","  isPristine: function () {","    return this.state._isPristine;","  },","  isFormSubmitted: function () {","    return this.state._formSubmitted;","  },","  isRequired: function () {","    return !!this.props.required;","  },","  showRequired: function () {","    return this.state._isRequired;","  },","  showError: function () {","    return !this.showRequired() && !this.isValid();","  },","  isValidValue: function (value) {","    return this.context.formsy.isValidValue.call(null, this, value);","    //return this.props._isValidValue.call(null, this, value);","  }","};",""],"l":{"1":1,"2":1,"4":1,"6":0,"8":0,"9":0,"10":0,"12":0,"13":0,"14":0,"16":0,"20":0,"21":0,"24":0,"25":0,"30":0,"33":1,"35":0,"50":0,"57":0,"58":0,"61":0,"65":0,"66":0,"80":0,"85":0,"93":0,"94":0,"98":0,"99":0,"105":0,"112":0,"113":0,"119":0,"123":0,"128":0,"132":0,"137":0,"140":0,"143":0,"144":0,"147":0,"150":0,"154":0,"157":0,"160":0,"163":0,"166":0,"169":0,"172":0}},"/home/travis/build/npmtest/node-npmtest-formsy-react/node_modules/formsy-react/src/utils.js":{"path":"/home/travis/build/npmtest/node-npmtest-formsy-react/node_modules/formsy-react/src/utils.js","s":{"1":1,"2":0,"3":0,"4":0,"5":0,"6":0,"7":0,"8":0,"9":0,"10":0,"11":0,"12":0,"13":0,"14":0,"15":0,"16":0,"17":0,"18":0,"19":0,"20":0,"21":0,"22":0,"23":0,"24":0,"25":0,"26":0,"27":0,"28":0,"29":0},"b":{"1":[0,0],"2":[0,0],"3":[0,0],"4":[0,0],"5":[0,0],"6":[0,0],"7":[0,0],"8":[0,0],"9":[0,0],"10":[0,0,0],"11":[0,0]},"f":{"1":0,"2":0,"3":0,"4":0,"5":0,"6":0},"fnMap":{"1":{"name":"(anonymous_1)","line":2,"loc":{"start":{"line":2,"column":16},"end":{"line":2,"column":32}}},"2":{"name":"(anonymous_2)","line":7,"loc":{"start":{"line":7,"column":16},"end":{"line":7,"column":39}}},"3":{"name":"(anonymous_3)","line":16,"loc":{"start":{"line":16,"column":17},"end":{"line":16,"column":33}}},"4":{"name":"(anonymous_4)","line":21,"loc":{"start":{"line":21,"column":29},"end":{"line":21,"column":44}}},"5":{"name":"(anonymous_5)","line":30,"loc":{"start":{"line":30,"column":10},"end":{"line":30,"column":26}}},"6":{"name":"(anonymous_6)","line":44,"loc":{"start":{"line":44,"column":8},"end":{"line":44,"column":34}}}},"statementMap":{"1":{"start":{"line":1,"column":0},"end":{"line":53,"column":2}},"2":{"start":{"line":3,"column":4},"end":{"line":3,"column":28}},"3":{"start":{"line":4,"column":4},"end":{"line":12,"column":5}},"4":{"start":{"line":5,"column":6},"end":{"line":5,"column":25}},"5":{"start":{"line":7,"column":6},"end":{"line":11,"column":15}},"6":{"start":{"line":8,"column":8},"end":{"line":10,"column":9}},"7":{"start":{"line":9,"column":10},"end":{"line":9,"column":29}},"8":{"start":{"line":13,"column":4},"end":{"line":13,"column":23}},"9":{"start":{"line":17,"column":4},"end":{"line":17,"column":28}},"10":{"start":{"line":18,"column":4},"end":{"line":26,"column":5}},"11":{"start":{"line":19,"column":6},"end":{"line":19,"column":25}},"12":{"start":{"line":21,"column":6},"end":{"line":25,"column":15}},"13":{"start":{"line":22,"column":8},"end":{"line":24,"column":9}},"14":{"start":{"line":23,"column":10},"end":{"line":23,"column":29}},"15":{"start":{"line":27,"column":4},"end":{"line":27,"column":23}},"16":{"start":{"line":31,"column":4},"end":{"line":39,"column":5}},"17":{"start":{"line":32,"column":6},"end":{"line":32,"column":19}},"18":{"start":{"line":33,"column":11},"end":{"line":39,"column":5}},"19":{"start":{"line":34,"column":6},"end":{"line":34,"column":38}},"20":{"start":{"line":35,"column":11},"end":{"line":39,"column":5}},"21":{"start":{"line":36,"column":6},"end":{"line":36,"column":43}},"22":{"start":{"line":37,"column":11},"end":{"line":39,"column":5}},"23":{"start":{"line":38,"column":6},"end":{"line":38,"column":39}},"24":{"start":{"line":41,"column":4},"end":{"line":41,"column":19}},"25":{"start":{"line":45,"column":4},"end":{"line":50,"column":5}},"26":{"start":{"line":46,"column":6},"end":{"line":46,"column":31}},"27":{"start":{"line":47,"column":6},"end":{"line":49,"column":7}},"28":{"start":{"line":48,"column":8},"end":{"line":48,"column":20}},"29":{"start":{"line":51,"column":4},"end":{"line":51,"column":16}}},"branchMap":{"1":{"line":4,"type":"if","locations":[{"start":{"line":4,"column":4},"end":{"line":4,"column":4}},{"start":{"line":4,"column":4},"end":{"line":4,"column":4}}]},"2":{"line":8,"type":"if","locations":[{"start":{"line":8,"column":8},"end":{"line":8,"column":8}},{"start":{"line":8,"column":8},"end":{"line":8,"column":8}}]},"3":{"line":18,"type":"if","locations":[{"start":{"line":18,"column":4},"end":{"line":18,"column":4}},{"start":{"line":18,"column":4},"end":{"line":18,"column":4}}]},"4":{"line":22,"type":"if","locations":[{"start":{"line":22,"column":8},"end":{"line":22,"column":8}},{"start":{"line":22,"column":8},"end":{"line":22,"column":8}}]},"5":{"line":31,"type":"if","locations":[{"start":{"line":31,"column":4},"end":{"line":31,"column":4}},{"start":{"line":31,"column":4},"end":{"line":31,"column":4}}]},"6":{"line":33,"type":"if","locations":[{"start":{"line":33,"column":11},"end":{"line":33,"column":11}},{"start":{"line":33,"column":11},"end":{"line":33,"column":11}}]},"7":{"line":33,"type":"binary-expr","locations":[{"start":{"line":33,"column":15},"end":{"line":33,"column":31}},{"start":{"line":33,"column":35},"end":{"line":33,"column":51}}]},"8":{"line":35,"type":"if","locations":[{"start":{"line":35,"column":11},"end":{"line":35,"column":11}},{"start":{"line":35,"column":11},"end":{"line":35,"column":11}}]},"9":{"line":37,"type":"if","locations":[{"start":{"line":37,"column":11},"end":{"line":37,"column":11}},{"start":{"line":37,"column":11},"end":{"line":37,"column":11}}]},"10":{"line":37,"type":"binary-expr","locations":[{"start":{"line":37,"column":15},"end":{"line":37,"column":36}},{"start":{"line":37,"column":40},"end":{"line":37,"column":50}},{"start":{"line":37,"column":54},"end":{"line":37,"column":64}}]},"11":{"line":47,"type":"if","locations":[{"start":{"line":47,"column":6},"end":{"line":47,"column":6}},{"start":{"line":47,"column":6},"end":{"line":47,"column":6}}]}},"code":["module.exports = {","  arraysDiffer: function (a, b) {","    var isDifferent = false;","    if (a.length !== b.length) {","      isDifferent = true;","    } else {","      a.forEach(function (item, index) {","        if (!this.isSame(item, b[index])) {","          isDifferent = true;","        }","      }, this);","    }","    return isDifferent;","  },","","  objectsDiffer: function (a, b) {","    var isDifferent = false;","    if (Object.keys(a).length !== Object.keys(b).length) {","      isDifferent = true;","    } else {","      Object.keys(a).forEach(function (key) {","        if (!this.isSame(a[key], b[key])) {","          isDifferent = true;","        }","      }, this);","    }","    return isDifferent;","  },","","  isSame: function (a, b) {","    if (typeof a !== typeof b) {","      return false;","    } else if (Array.isArray(a) && Array.isArray(b)) {","      return !this.arraysDiffer(a, b);","    } else if (typeof a === 'function') {","      return a.toString() === b.toString();","    } else if (typeof a === 'object' && a !== null && b !== null) {","      return !this.objectsDiffer(a, b);","    }","","    return a === b;","  },","","  find: function (collection, fn) {","    for (var i = 0, l = collection.length; i < l; i++) {","      var item = collection[i];","      if (fn(item)) {","        return item;","      }","    }","    return null;","  }","};",""],"l":{"1":1,"3":0,"4":0,"5":0,"7":0,"8":0,"9":0,"13":0,"17":0,"18":0,"19":0,"21":0,"22":0,"23":0,"27":0,"31":0,"32":0,"33":0,"34":0,"35":0,"36":0,"37":0,"38":0,"41":0,"45":0,"46":0,"47":0,"48":0,"51":0}}}